2025-07-12 20:39:16,959 [__main__] INFO: Loaded config, starting up
2025-07-12 20:39:17,047 [src.data_loading] INFO: Fetching bars since 2025-07-12 14:10:00 (+1ms)
2025-07-12 20:39:21,165 [src.data_loading] INFO: Appended 8 rows up to 2025-07-12 14:50:00 (total 2683 rows)
2025-07-12 20:39:21,342 [__main__] INFO: Engineered data saved to data/processed/btc_ohlcv_5min_engineered.csv
2025-07-12 20:39:32,655 [__main__] INFO: Retuning using only top SHAP features...
2025-07-12 20:39:36,911 [__main__] INFO: Retraining final model using top features and best params...
2025-07-12 20:39:37,242 [__main__] INFO: Final model saved as models/final_xgb_model.json
2025-07-12 20:48:09,650 [__main__] INFO: Loaded config, starting up
2025-07-12 20:48:09,709 [src.data_loading] INFO: Fetching bars since 2025-07-12 14:50:00 (+1ms)
2025-07-12 20:48:13,162 [src.data_loading] INFO: Appended 2 rows up to 2025-07-12 15:00:00 (total 2685 rows)
2025-07-12 20:48:13,394 [__main__] INFO: Engineered data saved to data/processed/btc_ohlcv_5min_engineered.csv
2025-07-12 20:48:24,733 [__main__] INFO: Retuning using only top SHAP features...
2025-07-12 20:48:27,213 [__main__] INFO: Retraining final model using top features and best params...
2025-07-12 20:48:27,540 [__main__] INFO: Final model saved as models/final_xgb_model.json
2025-07-12 20:51:17,313 [__main__] INFO: Loaded config, starting up
2025-07-12 20:51:17,345 [src.data_loading] INFO: Fetching bars since 2025-07-12 15:00:00 (+1ms)
2025-07-12 20:51:21,035 [src.data_loading] INFO: Appended 1 rows up to 2025-07-12 15:05:00 (total 2686 rows)
2025-07-12 20:51:21,191 [__main__] INFO: Engineered data saved to data/processed/btc_ohlcv_5min_engineered.csv
2025-07-12 20:51:42,909 [__main__] INFO: Retuning using only top SHAP features...
2025-07-12 20:51:47,384 [__main__] INFO: Retraining final model using top features and best params...
2025-07-12 20:51:47,956 [__main__] INFO: Final model saved as models/final_xgb_model.json
2025-07-12 20:51:48,032 [test_trading_logic] INFO: Loading model for 1-minute horizon from models/xgb_h1.json
2025-07-12 20:51:48,123 [test_trading_logic] INFO: Loading model for 5-minute horizon from models/xgb_h5.json
2025-07-12 20:51:48,234 [test_trading_logic] INFO: Loading model for 10-minute horizon from models/xgb_h10.json
2025-07-12 20:51:48,355 [__main__] INFO: Trading logic output (last 5 rows):
                        close  exp_return  ...  predicted_dollar_move      pnl
time                                       ...                                
2025-07-12 14:45:00  117493.4   -0.000932  ...            -109.535513 -0.00000
2025-07-12 14:50:00  117380.8   -0.000763  ...             -89.519864 -0.00000
2025-07-12 14:55:00  117416.4   -0.001081  ...            -126.881880 -0.00000
2025-07-12 15:00:00  117395.4   -0.001410  ...            -165.477675  0.05251
2025-07-12 15:05:00  117405.6         NaN  ...                    NaN      NaN

[5 rows x 9 columns]
2025-07-12 20:51:48,435 [__main__] INFO: ðŸ’° Total PnL: $79.13
2025-07-12 21:14:16,520 [__main__] INFO: Loaded config, starting up
2025-07-12 21:14:16,653 [src.data_loading] INFO: Fetching bars since 2025-07-12 15:05:00 (+1ms)
2025-07-12 21:14:23,868 [src.data_loading] INFO: Appended 4 rows up to 2025-07-12 15:25:00 (total 2690 rows)
2025-07-12 21:14:24,306 [__main__] INFO: Engineered data saved to data/processed/btc_ohlcv_5min_engineered.csv
2025-07-12 21:14:48,495 [__main__] INFO: Retuning using only top SHAP features...
2025-07-12 21:14:55,125 [__main__] INFO: Retraining final model using top features and best params...
2025-07-12 21:14:56,501 [__main__] INFO: Final model saved as models/final_xgb_model.json
2025-07-12 21:14:56,609 [src.test_trading_logic] INFO: Loading model for 1-minute horizon from models/xgb_h1.json
2025-07-12 21:14:56,765 [src.test_trading_logic] INFO: Loading model for 5-minute horizon from models/xgb_h5.json
2025-07-12 21:14:56,931 [src.test_trading_logic] INFO: Loading model for 10-minute horizon from models/xgb_h10.json
2025-07-12 21:14:57,150 [__main__] INFO: Trading logic output (last 5 rows):
                        close  exp_return  ...  predicted_dollar_move       pnl
time                                       ...                                 
2025-07-12 15:05:00  117405.6   -0.001434  ...            -168.323777  0.069799
2025-07-12 15:10:00  117437.2   -0.001677  ...            -196.961744  0.084655
2025-07-12 15:15:00  117438.2   -0.001654  ...            -194.293575  0.102870
2025-07-12 15:20:00  117360.4   -0.001156  ...            -135.669874  0.071641
2025-07-12 15:25:00  117375.8         NaN  ...                    NaN       NaN

[5 rows x 9 columns]
2025-07-12 21:14:57,243 [__main__] INFO: ðŸ’° Total PnL: $79.46
2025-07-12 21:38:24,024 [__main__] INFO: Loaded config, starting up
2025-07-12 21:38:24,146 [src.data_loading] INFO: Fetching bars since 2025-07-12 15:25:00 (+1ms)
2025-07-12 21:38:28,785 [src.data_loading] INFO: Appended 5 rows up to 2025-07-12 15:50:00 (total 2695 rows)
2025-07-12 21:38:29,067 [__main__] INFO: Engineered data saved to data/processed/btc_ohlcv_5min_engineered.csv
2025-07-12 21:38:52,935 [__main__] INFO: Retuning using only top SHAP features...
2025-07-12 21:38:57,084 [__main__] INFO: Retraining final model using top features and best params...
2025-07-12 21:38:58,508 [__main__] INFO: Final model saved as models/final_xgb_model.json
2025-07-12 21:38:58,579 [src.test_trading_logic] INFO: Loading model for 1-minute horizon from models/xgb_h1.json
2025-07-12 21:38:58,690 [src.test_trading_logic] INFO: Loading model for 5-minute horizon from models/xgb_h5.json
2025-07-12 21:38:58,808 [src.test_trading_logic] INFO: Loading model for 10-minute horizon from models/xgb_h10.json
2025-07-12 21:38:58,956 [__main__] INFO: Trading logic output (last 5 rows):
                        close  exp_return  ...  predicted_dollar_move       pnl
time                                       ...                                 
2025-07-12 15:30:00  117298.6   -0.001271  ...            -149.118763  0.068788
2025-07-12 15:35:00  117126.1   -0.000894  ...            -104.749519  0.041742
2025-07-12 15:40:00  117003.0    0.000024  ...               2.826131  0.000000
2025-07-12 15:45:00  117007.1    0.000030  ...               3.532238  0.000000
2025-07-12 15:50:00  117043.4         NaN  ...                    NaN       NaN

[5 rows x 9 columns]
2025-07-12 21:38:59,080 [__main__] INFO: ðŸ’° Total PnL: $79.63
2025-07-13 17:06:52,399 [__main__] INFO: Loaded config, starting up
2025-07-13 17:06:52,459 [src.data_loading] INFO: Fetching bars since 2025-07-12 15:50:00 (+1ms)
2025-07-13 17:06:55,073 [src.data_loading] INFO: Appended 234 rows up to 2025-07-13 11:20:00 (total 2929 rows)
2025-07-13 17:06:55,226 [__main__] INFO: Engineered data saved to data/processed/btc_ohlcv_5min_engineered.csv
2025-07-13 17:07:06,028 [__main__] INFO: Retuning using only top SHAP features...
2025-07-13 17:07:08,355 [__main__] INFO: Retraining final model using top features and best params...
2025-07-13 17:07:08,747 [__main__] INFO: Final model saved as models/final_xgb_model.json
2025-07-13 17:07:08,797 [src.test_trading_logic] INFO: Loading model for 1-minute horizon from models/xgb_h1.json
2025-07-13 17:07:08,869 [src.test_trading_logic] INFO: Loading model for 5-minute horizon from models/xgb_h5.json
2025-07-13 17:07:08,958 [src.test_trading_logic] INFO: Loading model for 10-minute horizon from models/xgb_h10.json
2025-07-13 17:07:09,052 [__main__] INFO: Trading logic output (last 5 rows):
                        close  exp_return  ...  predicted_dollar_move       pnl
time                                       ...                                 
2025-07-13 11:00:00  117787.1   -0.001698  ...            -200.020638  0.290281
2025-07-13 11:05:00  117830.7   -0.001552  ...            -182.861703  0.269125
2025-07-13 11:10:00  117862.0   -0.001171  ...            -138.053086  0.179944
2025-07-13 11:15:00  117899.9   -0.001109  ...            -130.793614  0.128163
2025-07-13 11:20:00  117900.0         NaN  ...                    NaN       NaN

[5 rows x 9 columns]
2025-07-13 17:07:09,110 [__main__] INFO: ðŸ’° Total PnL: $111.86
2025-07-13 17:08:56,919 [__main__] INFO: Loaded config, starting up
2025-07-13 17:08:56,949 [src.data_loading] INFO: Fetching bars since 2025-07-13 11:20:00 (+1ms)
2025-07-13 17:08:59,737 [src.data_loading] INFO: No new bars returned.
2025-07-13 17:08:59,882 [__main__] INFO: Engineered data saved to data/processed/btc_ohlcv_5min_engineered.csv
2025-07-13 17:09:08,718 [__main__] INFO: Retuning using only top SHAP features...
2025-07-13 17:09:10,685 [__main__] INFO: Retraining final model using top features and best params...
2025-07-13 17:09:11,008 [__main__] INFO: Final model saved as models/final_xgb_model.json
2025-07-13 17:09:11,052 [src.test_trading_logic] INFO: Loading model for 1-minute horizon from models/xgb_h1.json
2025-07-13 17:09:11,115 [src.test_trading_logic] INFO: Loading model for 5-minute horizon from models/xgb_h5.json
2025-07-13 17:09:11,187 [src.test_trading_logic] INFO: Loading model for 10-minute horizon from models/xgb_h10.json
2025-07-13 17:09:11,279 [__main__] INFO: Trading logic output (last 5 rows):
                        close  exp_return  ...  predicted_dollar_move       pnl
time                                       ...                                 
2025-07-13 11:00:00  117787.1   -0.001698  ...            -200.020638  0.290281
2025-07-13 11:05:00  117830.7   -0.001552  ...            -182.861703  0.269125
2025-07-13 11:10:00  117862.0   -0.001171  ...            -138.053086  0.179944
2025-07-13 11:15:00  117899.9   -0.001109  ...            -130.793614  0.128163
2025-07-13 11:20:00  117900.0         NaN  ...                    NaN       NaN

[5 rows x 9 columns]
2025-07-13 17:09:11,331 [__main__] INFO: ðŸ’° Total PnL: $111.86
2025-07-13 17:09:32,162 [__main__] INFO: Loaded config, starting up
2025-07-13 17:09:32,183 [src.data_loading] INFO: Fetching bars since 2025-07-13 11:20:00 (+1ms)
2025-07-13 17:09:35,082 [src.data_loading] INFO: No new bars returned.
2025-07-13 17:09:35,248 [__main__] INFO: Engineered data saved to data/processed/btc_ohlcv_5min_engineered.csv
2025-07-13 17:09:48,871 [__main__] INFO: Retuning using only top SHAP features...
2025-07-13 17:09:53,795 [__main__] INFO: Retraining final model using top features and best params...
2025-07-13 17:09:54,516 [__main__] INFO: Final model saved as models/final_xgb_model.json
2025-07-13 17:09:54,579 [src.test_trading_logic] INFO: Loading model for 1-minute horizon from models/xgb_h1.json
2025-07-13 17:09:54,667 [src.test_trading_logic] INFO: Loading model for 5-minute horizon from models/xgb_h5.json
2025-07-13 17:09:54,773 [src.test_trading_logic] INFO: Loading model for 10-minute horizon from models/xgb_h10.json
2025-07-13 17:09:54,887 [__main__] INFO: Trading logic output (last 5 rows):
                        close  exp_return  ...  predicted_dollar_move       pnl
time                                       ...                                 
2025-07-13 11:00:00  117787.1   -0.001698  ...            -200.020638  0.290281
2025-07-13 11:05:00  117830.7   -0.001552  ...            -182.861703  0.269125
2025-07-13 11:10:00  117862.0   -0.001171  ...            -138.053086  0.179944
2025-07-13 11:15:00  117899.9   -0.001109  ...            -130.793614  0.128163
2025-07-13 11:20:00  117900.0         NaN  ...                    NaN       NaN

[5 rows x 9 columns]
2025-07-13 17:09:54,978 [__main__] INFO: ðŸ’° Total PnL: $111.86
2025-07-13 17:11:52,716 [__main__] INFO: Loaded config, starting up
2025-07-13 17:11:52,741 [src.data_loading] INFO: Fetching bars since 2025-07-13 11:20:00 (+1ms)
2025-07-13 17:11:55,542 [src.data_loading] INFO: Appended 1 rows up to 2025-07-13 11:25:00 (total 2930 rows)
2025-07-13 17:11:55,764 [__main__] INFO: Engineered data saved to data/processed/btc_ohlcv_5min_engineered.csv
2025-07-13 17:12:05,956 [__main__] INFO: Retuning using only top SHAP features...
2025-07-13 17:12:08,869 [__main__] INFO: Retraining final model using top features and best params...
2025-07-13 17:12:09,441 [__main__] INFO: Final model saved as models/final_xgb_model.json
2025-07-13 17:12:09,493 [src.test_trading_logic] INFO: Loading model for 1-minute horizon from models/xgb_h1.json
2025-07-13 17:12:09,582 [src.test_trading_logic] INFO: Loading model for 5-minute horizon from models/xgb_h5.json
2025-07-13 17:12:09,681 [src.test_trading_logic] INFO: Loading model for 10-minute horizon from models/xgb_h10.json
2025-07-13 17:12:09,785 [__main__] INFO: Trading logic output (last 5 rows):
                        close  exp_return  ...  predicted_dollar_move       pnl
time                                       ...                                 
2025-07-13 11:05:00  117830.7   -0.001552  ...            -182.861703  0.269125
2025-07-13 11:10:00  117862.0   -0.001171  ...            -138.053086  0.179944
2025-07-13 11:15:00  117899.9   -0.001109  ...            -130.793614  0.128163
2025-07-13 11:20:00  117900.0   -0.001186  ...            -139.796632  0.199635
2025-07-13 11:25:00  118010.9         NaN  ...                    NaN       NaN

[5 rows x 9 columns]
2025-07-13 17:12:09,841 [__main__] INFO: ðŸ’° Total PnL: $112.06
2025-07-13 17:13:56,045 [__main__] INFO: Loaded config, starting up
2025-07-13 17:13:56,070 [src.data_loading] INFO: Fetching bars since 2025-07-13 11:25:00 (+1ms)
2025-07-13 17:13:59,642 [src.data_loading] INFO: No new bars returned.
2025-07-13 17:13:59,781 [__main__] INFO: Engineered data saved to data/processed/btc_ohlcv_5min_engineered.csv
2025-07-13 17:14:13,887 [__main__] INFO: Retuning using only top SHAP features...
2025-07-13 17:14:17,268 [__main__] INFO: Retraining final model using top features and best params...
2025-07-13 17:14:17,721 [__main__] INFO: Final model saved as models/final_xgb_model.json
2025-07-13 17:14:17,785 [src.test_trading_logic] INFO: Loading model for 1-minute horizon from models/xgb_h1.json
2025-07-13 17:14:17,899 [src.test_trading_logic] INFO: Loading model for 5-minute horizon from models/xgb_h5.json
2025-07-13 17:14:17,990 [src.test_trading_logic] INFO: Loading model for 10-minute horizon from models/xgb_h10.json
2025-07-13 17:14:18,092 [__main__] INFO: Trading logic output (last 5 rows):
                        close  exp_return  ...  predicted_dollar_move       pnl
time                                       ...                                 
2025-07-13 11:05:00  117830.7   -0.001552  ...            -182.861703  0.269125
2025-07-13 11:10:00  117862.0   -0.001171  ...            -138.053086  0.179944
2025-07-13 11:15:00  117899.9   -0.001109  ...            -130.793614  0.128163
2025-07-13 11:20:00  117900.0   -0.001186  ...            -139.796632  0.199635
2025-07-13 11:25:00  118010.9         NaN  ...                    NaN       NaN

[5 rows x 9 columns]
2025-07-13 17:14:18,159 [__main__] INFO: ðŸ’° Total PnL: $112.06
2025-07-13 17:15:16,542 [__main__] INFO: Loaded config, starting up
2025-07-13 17:15:16,567 [src.data_loading] INFO: Fetching bars since 2025-07-13 11:25:00 (+1ms)
2025-07-13 17:15:19,064 [src.data_loading] INFO: Appended 1 rows up to 2025-07-13 11:30:00 (total 2931 rows)
2025-07-13 17:15:19,300 [__main__] INFO: Engineered data saved to data/processed/btc_ohlcv_5min_engineered.csv
2025-07-13 17:15:39,602 [__main__] INFO: Retuning using only top SHAP features...
2025-07-13 17:15:43,442 [__main__] INFO: Retraining final model using top features and best params...
2025-07-13 17:15:43,918 [__main__] INFO: Final model saved as models/final_xgb_model.json
2025-07-13 17:15:43,981 [src.test_trading_logic] INFO: Loading model for 1-minute horizon from models/xgb_h1.json
2025-07-13 17:15:44,067 [src.test_trading_logic] INFO: Loading model for 5-minute horizon from models/xgb_h5.json
2025-07-13 17:15:44,162 [src.test_trading_logic] INFO: Loading model for 10-minute horizon from models/xgb_h10.json
2025-07-13 17:15:44,286 [__main__] INFO: Trading logic output (last 5 rows):
                        close  exp_return  ...  predicted_dollar_move       pnl
time                                       ...                                 
2025-07-13 11:10:00  117862.0   -0.001171  ...            -138.053086  0.179944
2025-07-13 11:15:00  117899.9   -0.001109  ...            -130.793614  0.128163
2025-07-13 11:20:00  117900.0   -0.001186  ...            -139.796632  0.199635
2025-07-13 11:25:00  118010.9   -0.001023  ...            -120.688633  0.197635
2025-07-13 11:30:00  118014.5         NaN  ...                    NaN       NaN

[5 rows x 9 columns]
2025-07-13 17:15:44,358 [__main__] INFO: ðŸ’° Total PnL: $112.26
2025-07-13 17:15:44,824 [__main__] INFO: Running backtest using KrakenStrategy...
2025-07-13 17:17:19,312 [__main__] INFO: Loaded config, starting up
2025-07-13 17:17:19,342 [src.data_loading] INFO: Fetching bars since 2025-07-13 11:30:00 (+1ms)
2025-07-13 17:17:22,244 [src.data_loading] INFO: No new bars returned.
2025-07-13 17:17:22,408 [__main__] INFO: Engineered data saved to data/processed/btc_ohlcv_5min_engineered.csv
2025-07-13 17:17:32,411 [__main__] INFO: Retuning using only top SHAP features...
2025-07-13 17:17:34,787 [__main__] INFO: Retraining final model using top features and best params...
2025-07-13 17:17:35,148 [__main__] INFO: Final model saved as models/final_xgb_model.json
2025-07-13 17:17:35,198 [src.test_trading_logic] INFO: Loading model for 1-minute horizon from models/xgb_h1.json
2025-07-13 17:17:35,269 [src.test_trading_logic] INFO: Loading model for 5-minute horizon from models/xgb_h5.json
2025-07-13 17:17:35,350 [src.test_trading_logic] INFO: Loading model for 10-minute horizon from models/xgb_h10.json
2025-07-13 17:17:35,452 [__main__] INFO: Trading logic output (last 5 rows):
                        close  exp_return  ...  predicted_dollar_move       pnl
time                                       ...                                 
2025-07-13 11:10:00  117862.0   -0.001171  ...            -138.053086  0.179944
2025-07-13 11:15:00  117899.9   -0.001109  ...            -130.793614  0.128163
2025-07-13 11:20:00  117900.0   -0.001186  ...            -139.796632  0.199635
2025-07-13 11:25:00  118010.9   -0.001023  ...            -120.688633  0.197635
2025-07-13 11:30:00  118014.5         NaN  ...                    NaN       NaN

[5 rows x 9 columns]
2025-07-13 17:17:35,520 [__main__] INFO: ðŸ’° Total PnL: $112.26
2025-07-13 17:17:35,918 [__main__] INFO: Running backtest using KrakenStrategy...
2025-07-13 17:20:24,200 [__main__] INFO: Loaded config, starting up
2025-07-13 17:20:24,230 [src.data_loading] INFO: Fetching bars since 2025-07-13 11:30:00 (+1ms)
2025-07-13 17:20:26,883 [src.data_loading] INFO: Appended 1 rows up to 2025-07-13 11:35:00 (total 2932 rows)
2025-07-13 17:20:27,022 [__main__] INFO: Engineered data saved to data/processed/btc_ohlcv_5min_engineered.csv
2025-07-13 17:20:36,774 [__main__] INFO: Retuning using only top SHAP features...
2025-07-13 17:20:39,280 [__main__] INFO: Retraining final model using top features and best params...
2025-07-13 17:20:39,652 [__main__] INFO: Final model saved as models/final_xgb_model.json
2025-07-13 17:20:39,709 [src.test_trading_logic] INFO: Loading model for 1-minute horizon from models/xgb_h1.json
2025-07-13 17:20:39,776 [src.test_trading_logic] INFO: Loading model for 5-minute horizon from models/xgb_h5.json
2025-07-13 17:20:39,866 [src.test_trading_logic] INFO: Loading model for 10-minute horizon from models/xgb_h10.json
2025-07-13 17:20:39,964 [__main__] INFO: Trading logic output (last 5 rows):
                        close  exp_return  ...  predicted_dollar_move       pnl
time                                       ...                                 
2025-07-13 11:15:00  117899.9   -0.001109  ...            -130.793614  0.128163
2025-07-13 11:20:00  117900.0   -0.001186  ...            -139.796632  0.199635
2025-07-13 11:25:00  118010.9   -0.001023  ...            -120.688633  0.197635
2025-07-13 11:30:00  118014.5   -0.001062  ...            -125.387487  0.105796
2025-07-13 11:35:00  117976.8         NaN  ...                    NaN       NaN

[5 rows x 9 columns]
2025-07-13 17:20:40,020 [__main__] INFO: ðŸ’° Total PnL: $112.36
2025-07-13 17:20:40,455 [__main__] INFO: Running backtest using KrakenStrategy...
2025-07-13 17:26:16,448 [__main__] INFO: Loaded config, starting up
2025-07-13 17:26:16,516 [src.data_loading] INFO: Fetching bars since 2025-07-13 11:35:00 (+1ms)
2025-07-13 17:26:19,349 [src.data_loading] INFO: Appended 1 rows up to 2025-07-13 11:40:00 (total 2933 rows)
2025-07-13 17:26:19,560 [__main__] INFO: Engineered data saved to data/processed/btc_ohlcv_5min_engineered.csv
2025-07-13 17:26:31,587 [__main__] INFO: Retuning using only top SHAP features...
2025-07-13 17:26:35,110 [__main__] INFO: Retraining final model using top features and best params...
2025-07-13 17:26:36,214 [__main__] INFO: Final model saved as models/final_xgb_model.json
2025-07-13 17:26:36,285 [src.test_trading_logic] INFO: Loading model for 1-minute horizon from models/xgb_h1.json
2025-07-13 17:26:36,401 [src.test_trading_logic] INFO: Loading model for 5-minute horizon from models/xgb_h5.json
2025-07-13 17:26:36,507 [src.test_trading_logic] INFO: Loading model for 10-minute horizon from models/xgb_h10.json
2025-07-13 17:26:36,668 [__main__] INFO: Trading logic output (last 5 rows):
                        close  exp_return  ...  predicted_dollar_move       pnl
time                                       ...                                 
2025-07-13 11:20:00  117900.0   -0.001186  ...            -139.796632  0.199635
2025-07-13 11:25:00  118010.9   -0.001023  ...            -120.688633  0.197635
2025-07-13 11:30:00  118014.5   -0.001062  ...            -125.387487  0.105796
2025-07-13 11:35:00  117976.8   -0.001118  ...            -131.913996  0.115913
2025-07-13 11:40:00  117976.8         NaN  ...                    NaN       NaN

[5 rows x 9 columns]
2025-07-13 17:26:36,738 [__main__] INFO: ðŸ’° Total PnL: $112.48
2025-07-13 17:27:06,152 [__main__] INFO: Loaded config, starting up
2025-07-13 17:27:06,178 [src.data_loading] INFO: Fetching bars since 2025-07-13 11:40:00 (+1ms)
2025-07-13 17:27:08,690 [src.data_loading] INFO: No new bars returned.
2025-07-13 17:27:08,840 [__main__] INFO: Engineered data saved to data/processed/btc_ohlcv_5min_engineered.csv
2025-07-13 17:27:22,870 [__main__] INFO: Retuning using only top SHAP features...
2025-07-13 17:27:26,011 [__main__] INFO: Retraining final model using top features and best params...
2025-07-13 17:27:26,485 [__main__] INFO: Final model saved as models/final_xgb_model.json
2025-07-13 17:27:26,581 [src.test_trading_logic] INFO: Loading model for 1-minute horizon from models/xgb_h1.json
2025-07-13 17:27:26,662 [src.test_trading_logic] INFO: Loading model for 5-minute horizon from models/xgb_h5.json
2025-07-13 17:27:26,761 [src.test_trading_logic] INFO: Loading model for 10-minute horizon from models/xgb_h10.json
2025-07-13 17:27:26,876 [__main__] INFO: Trading logic output (last 5 rows):
                        close  exp_return  ...  predicted_dollar_move       pnl
time                                       ...                                 
2025-07-13 11:20:00  117900.0   -0.001186  ...            -139.796632  0.199635
2025-07-13 11:25:00  118010.9   -0.001023  ...            -120.688633  0.197635
2025-07-13 11:30:00  118014.5   -0.001062  ...            -125.387487  0.105796
2025-07-13 11:35:00  117976.8   -0.001118  ...            -131.913996  0.115913
2025-07-13 11:40:00  117976.8         NaN  ...                    NaN       NaN

[5 rows x 9 columns]
2025-07-13 17:27:26,945 [__main__] INFO: ðŸ’° Total PnL: $112.48
2025-07-13 17:27:27,615 [__main__] INFO: Running backtest using KrakenStrategy...
2025-07-13 17:31:24,284 [__main__] INFO: Loaded config, starting up
2025-07-13 17:31:24,350 [src.data_loading] INFO: Fetching bars since 2025-07-13 11:40:00 (+1ms)
2025-07-13 17:31:26,869 [src.data_loading] INFO: Appended 1 rows up to 2025-07-13 11:45:00 (total 2934 rows)
2025-07-13 17:31:27,044 [__main__] INFO: Engineered data saved to data/processed/btc_ohlcv_5min_engineered.csv
2025-07-13 17:31:36,866 [__main__] INFO: Retuning using only top SHAP features...
2025-07-13 17:31:39,200 [__main__] INFO: Retraining final model using top features and best params...
2025-07-13 17:31:39,587 [__main__] INFO: Final model saved as models/final_xgb_model.json
2025-07-13 17:31:39,641 [src.test_trading_logic] INFO: Loading model for 1-minute horizon from models/xgb_h1.json
2025-07-13 17:31:39,711 [src.test_trading_logic] INFO: Loading model for 5-minute horizon from models/xgb_h5.json
2025-07-13 17:31:39,789 [src.test_trading_logic] INFO: Loading model for 10-minute horizon from models/xgb_h10.json
2025-07-13 17:31:39,884 [__main__] INFO: Trading logic output (last 5 rows):
                        close  exp_return  ...  predicted_dollar_move       pnl
time                                       ...                                 
2025-07-13 11:25:00  118010.9   -0.001023  ...            -120.688633  0.197635
2025-07-13 11:30:00  118014.5   -0.001062  ...            -125.387487  0.105796
2025-07-13 11:35:00  117976.8   -0.001118  ...            -131.913996  0.115913
2025-07-13 11:40:00  117976.8   -0.001233  ...            -145.484192  0.125476
2025-07-13 11:45:00  118001.8         NaN  ...                    NaN       NaN

[5 rows x 9 columns]
2025-07-13 17:31:39,940 [__main__] INFO: ðŸ’° Total PnL: $112.60
2025-07-13 17:31:40,298 [__main__] INFO: Running backtest using KrakenStrategy...
2025-07-13 17:34:37,337 [__main__] INFO: Loaded config, starting up
2025-07-13 17:34:37,396 [src.data_loading] INFO: Fetching bars since 2025-07-13 11:45:00 (+1ms)
2025-07-13 17:34:40,270 [src.data_loading] INFO: No new bars returned.
2025-07-13 17:34:40,526 [__main__] INFO: Engineered data saved to data/processed/btc_ohlcv_5min_engineered.csv
2025-07-13 17:34:57,228 [__main__] INFO: Retuning using only top SHAP features...
2025-07-13 17:35:02,979 [__main__] INFO: Retraining final model using top features and best params...
2025-07-13 17:35:04,406 [__main__] INFO: Final model saved as models/final_xgb_model.json
2025-07-13 17:35:04,490 [src.test_trading_logic] INFO: Loading model for 1-minute horizon from models/xgb_h1.json
2025-07-13 17:35:04,605 [src.test_trading_logic] INFO: Loading model for 5-minute horizon from models/xgb_h5.json
2025-07-13 17:35:04,740 [src.test_trading_logic] INFO: Loading model for 10-minute horizon from models/xgb_h10.json
2025-07-13 17:35:04,997 [__main__] INFO: Trading logic output (last 5 rows):
                        close  exp_return  ...  predicted_dollar_move       pnl
time                                       ...                                 
2025-07-13 11:25:00  118010.9   -0.001023  ...            -120.688633  0.197635
2025-07-13 11:30:00  118014.5   -0.001062  ...            -125.387487  0.105796
2025-07-13 11:35:00  117976.8   -0.001118  ...            -131.913996  0.115913
2025-07-13 11:40:00  117976.8   -0.001233  ...            -145.484192  0.125476
2025-07-13 11:45:00  118001.8         NaN  ...                    NaN       NaN

[5 rows x 9 columns]
2025-07-13 17:35:05,139 [__main__] INFO: ðŸ’° Total PnL: $112.60
2025-07-13 17:35:05,981 [__main__] INFO: Running backtest using KrakenStrategy...
2025-07-13 17:36:30,162 [__main__] INFO: Loaded config, starting up
2025-07-13 17:36:30,198 [src.data_loading] INFO: Fetching bars since 2025-07-13 11:45:00 (+1ms)
2025-07-13 17:36:33,161 [src.data_loading] INFO: Appended 1 rows up to 2025-07-13 11:50:00 (total 2935 rows)
2025-07-13 17:36:33,287 [__main__] INFO: Engineered data saved to data/processed/btc_ohlcv_5min_engineered.csv
2025-07-13 17:36:50,142 [__main__] INFO: Retuning using only top SHAP features...
2025-07-13 17:36:55,097 [__main__] INFO: Retraining final model using top features and best params...
2025-07-13 17:36:56,579 [__main__] INFO: Final model saved as models/final_xgb_model.json
2025-07-13 17:36:56,665 [src.test_trading_logic] INFO: Loading model for 1-minute horizon from models/xgb_h1.json
2025-07-13 17:36:56,791 [src.test_trading_logic] INFO: Loading model for 5-minute horizon from models/xgb_h5.json
2025-07-13 17:36:56,934 [src.test_trading_logic] INFO: Loading model for 10-minute horizon from models/xgb_h10.json
2025-07-13 17:36:57,087 [__main__] INFO: Trading logic output (last 5 rows):
                        close  exp_return  ...  predicted_dollar_move       pnl
time                                       ...                                 
2025-07-13 11:30:00  118014.5   -0.001062  ...            -125.387487  0.105796
2025-07-13 11:35:00  117976.8   -0.001118  ...            -131.913996  0.115913
2025-07-13 11:40:00  117976.8   -0.001233  ...            -145.484192  0.125476
2025-07-13 11:45:00  118001.8   -0.001253  ...            -147.824302  0.140602
2025-07-13 11:50:00  118001.8         NaN  ...                    NaN       NaN

[5 rows x 9 columns]
2025-07-13 17:36:57,193 [__main__] INFO: ðŸ’° Total PnL: $112.74
2025-07-13 17:36:58,116 [__main__] INFO: Running backtest using KrakenStrategy...
2025-07-13 17:38:50,088 [__main__] INFO: Loaded config, starting up
2025-07-13 17:38:50,136 [src.data_loading] INFO: Fetching bars since 2025-07-13 11:50:00 (+1ms)
2025-07-13 17:38:52,720 [src.data_loading] INFO: No new bars returned.
2025-07-13 17:38:52,914 [__main__] INFO: Engineered data saved to data/processed/btc_ohlcv_5min_engineered.csv
2025-07-13 17:39:03,338 [__main__] INFO: Retuning using only top SHAP features...
2025-07-13 17:39:05,867 [__main__] INFO: Retraining final model using top features and best params...
2025-07-13 17:39:06,246 [__main__] INFO: Final model saved as models/final_xgb_model.json
2025-07-13 17:39:06,301 [src.test_trading_logic] INFO: Loading model for 1-minute horizon from models/xgb_h1.json
2025-07-13 17:39:06,373 [src.test_trading_logic] INFO: Loading model for 5-minute horizon from models/xgb_h5.json
2025-07-13 17:39:06,456 [src.test_trading_logic] INFO: Loading model for 10-minute horizon from models/xgb_h10.json
2025-07-13 17:39:06,559 [__main__] INFO: Trading logic output (last 5 rows):
                        close  exp_return  ...  predicted_dollar_move       pnl
time                                       ...                                 
2025-07-13 11:30:00  118014.5   -0.001062  ...            -125.387487  0.105796
2025-07-13 11:35:00  117976.8   -0.001118  ...            -131.913996  0.115913
2025-07-13 11:40:00  117976.8   -0.001233  ...            -145.484192  0.125476
2025-07-13 11:45:00  118001.8   -0.001253  ...            -147.824302  0.140602
2025-07-13 11:50:00  118001.8         NaN  ...                    NaN       NaN

[5 rows x 9 columns]
2025-07-13 17:39:06,615 [__main__] INFO: ðŸ’° Total PnL: $112.74
2025-07-13 17:39:07,002 [__main__] INFO: Running backtest using KrakenStrategy...
2025-07-13 17:39:31,357 [__main__] INFO: Loaded config, starting up
2025-07-13 17:39:31,386 [src.data_loading] INFO: Fetching bars since 2025-07-13 11:50:00 (+1ms)
2025-07-13 17:39:34,127 [src.data_loading] INFO: No new bars returned.
2025-07-13 17:39:34,271 [__main__] INFO: Engineered data saved to data/processed/btc_ohlcv_5min_engineered.csv
2025-07-13 17:39:45,658 [__main__] INFO: Retuning using only top SHAP features...
2025-07-13 17:39:48,210 [__main__] INFO: Retraining final model using top features and best params...
2025-07-13 17:39:48,574 [__main__] INFO: Final model saved as models/final_xgb_model.json
2025-07-13 17:39:48,626 [src.test_trading_logic] INFO: Loading model for 1-minute horizon from models/xgb_h1.json
2025-07-13 17:39:48,697 [src.test_trading_logic] INFO: Loading model for 5-minute horizon from models/xgb_h5.json
2025-07-13 17:39:48,783 [src.test_trading_logic] INFO: Loading model for 10-minute horizon from models/xgb_h10.json
2025-07-13 17:39:48,884 [__main__] INFO: Trading logic output (last 5 rows):
                        close  exp_return  ...  predicted_dollar_move       pnl
time                                       ...                                 
2025-07-13 11:30:00  118014.5   -0.001062  ...            -125.387487  0.105796
2025-07-13 11:35:00  117976.8   -0.001118  ...            -131.913996  0.115913
2025-07-13 11:40:00  117976.8   -0.001233  ...            -145.484192  0.125476
2025-07-13 11:45:00  118001.8   -0.001253  ...            -147.824302  0.140602
2025-07-13 11:50:00  118001.8         NaN  ...                    NaN       NaN

[5 rows x 9 columns]
2025-07-13 17:39:48,944 [__main__] INFO: ðŸ’° Total PnL: $112.74
2025-07-13 17:39:49,317 [__main__] INFO: Running backtest using KrakenStrategy...
2025-07-13 17:41:33,177 [__main__] INFO: Loaded config, starting up
2025-07-13 17:41:33,206 [src.data_loading] INFO: Fetching bars since 2025-07-13 11:50:00 (+1ms)
2025-07-13 17:41:35,706 [src.data_loading] INFO: Appended 1 rows up to 2025-07-13 11:55:00 (total 2936 rows)
2025-07-13 17:41:35,841 [__main__] INFO: Engineered data saved to data/processed/btc_ohlcv_5min_engineered.csv
2025-07-13 17:41:46,256 [__main__] INFO: Retuning using only top SHAP features...
2025-07-13 17:41:48,537 [__main__] INFO: Retraining final model using top features and best params...
2025-07-13 17:41:48,886 [__main__] INFO: Final model saved as models/final_xgb_model.json
2025-07-13 17:41:48,942 [src.test_trading_logic] INFO: Loading model for 1-minute horizon from models/xgb_h1.json
2025-07-13 17:41:49,007 [src.test_trading_logic] INFO: Loading model for 5-minute horizon from models/xgb_h5.json
2025-07-13 17:41:49,089 [src.test_trading_logic] INFO: Loading model for 10-minute horizon from models/xgb_h10.json
2025-07-13 17:41:49,189 [__main__] INFO: Trading logic output (last 5 rows):
                        close  exp_return  ...  predicted_dollar_move       pnl
time                                       ...                                 
2025-07-13 11:35:00  117976.8   -0.001118  ...            -131.913996  0.115913
2025-07-13 11:40:00  117976.8   -0.001233  ...            -145.484192  0.125476
2025-07-13 11:45:00  118001.8   -0.001253  ...            -147.824302  0.140602
2025-07-13 11:50:00  118001.8   -0.001245  ...            -146.927646  0.141138
2025-07-13 11:55:00  118001.8         NaN  ...                    NaN       NaN

[5 rows x 9 columns]
2025-07-13 17:41:49,239 [__main__] INFO: ðŸ’° Total PnL: $112.88
2025-07-13 17:41:49,670 [__main__] INFO: Running backtest using KrakenStrategy...
2025-07-13 17:44:42,164 [__main__] INFO: Final equity: $98.87
2025-07-13 17:44:42,165 [__main__] INFO: Total PnL: $0.00
2025-07-13 19:32:36,901 [__main__] INFO: Loaded config, starting up
2025-07-13 19:32:36,967 [src.data_loading] INFO: Fetching bars since 2025-07-13 11:55:00 (+1ms)
2025-07-13 19:32:39,539 [src.data_loading] INFO: Appended 22 rows up to 2025-07-13 13:45:00 (total 2958 rows)
2025-07-13 19:32:39,772 [__main__] INFO: Engineered data saved to data/processed/btc_ohlcv_5min_engineered.csv
2025-07-13 19:32:52,944 [__main__] INFO: Retuning using only top SHAP features...
2025-07-13 19:32:55,472 [__main__] INFO: Retraining final model using top features and best params...
2025-07-13 19:32:55,872 [__main__] INFO: Final model saved as models/final_xgb_model.json
2025-07-13 19:32:55,925 [src.test_trading_logic] INFO: Loading model for 1-minute horizon from models/xgb_h1.json
2025-07-13 19:32:55,997 [src.test_trading_logic] INFO: Loading model for 5-minute horizon from models/xgb_h5.json
2025-07-13 19:32:56,083 [src.test_trading_logic] INFO: Loading model for 10-minute horizon from models/xgb_h10.json
2025-07-13 19:32:56,184 [__main__] INFO: Trading logic output (last 5 rows):
                        close  exp_return  ...  predicted_dollar_move        pnl
time                                       ...                                  
2025-07-13 13:25:00  118337.3   -0.001275  ...            -150.861837  40.391587
2025-07-13 13:30:00  118516.7   -0.001295  ...            -153.512608  45.768865
2025-07-13 13:35:00  118499.8   -0.000934  ...            -110.711350  31.946032
2025-07-13 13:40:00  118642.4   -0.001136  ...            -134.739788  -0.000000
2025-07-13 13:45:00  118754.7         NaN  ...                    NaN        NaN

[5 rows x 9 columns]
2025-07-13 19:32:56,238 [__main__] INFO: ðŸ’° Total PnL: $124386.27
2025-07-13 19:32:56,598 [__main__] INFO: Running backtest using KrakenStrategy...
2025-07-13 19:33:21,379 [__main__] INFO: Final equity: $109053.86
2025-07-13 19:33:21,382 [__main__] INFO: Total PnL: $369.88
2025-07-15 16:12:23,558 [__main__] INFO: Loaded config, starting up
2025-07-15 16:12:23,611 [src.data_loading] INFO: Fetching bars since 2025-07-13 13:45:00 (+1ms)
2025-07-15 16:12:26,568 [src.data_loading] INFO: Appended 536 rows up to 2025-07-15 10:25:00 (total 3494 rows)
2025-07-15 16:12:26,745 [__main__] INFO: Engineered data saved to data/processed/btc_ohlcv_5min_engineered.csv
2025-07-15 16:12:38,872 [__main__] INFO: Retuning using only top SHAP features...
2025-07-15 16:12:41,471 [__main__] INFO: Retraining final model using top features and best params...
2025-07-15 16:12:41,877 [__main__] INFO: Final model saved as models/final_xgb_model.json
2025-07-15 16:12:42,295 [__main__] INFO: Running backtest using KrakenStrategy...
2025-07-15 16:12:49,617 [__main__] INFO: Final equity: $108292.88
2025-07-15 16:12:49,618 [__main__] INFO: Total PnL: $528.50
2025-07-21 16:55:28,510 [__main__] INFO: Loaded config, starting up
2025-07-21 16:55:28,824 [src.data_loading] INFO: Fetching bars since 2025-07-15 10:25:00 (+1ms)
2025-07-21 16:55:32,138 [src.data_loading] WARNING: fetch_ohlcv failed attempt 1/3: kraken does not have market symbol BTC//USD:BTC â€“ retrying in 5sâ€¦
Traceback (most recent call last):
  File "/Users/zachnewman/Kraken-Bot/Kraken-Bot/src/data_loading.py", line 21, in fetch_ohlcv_with_retry
    bars = exchange.fetch_ohlcv(symbol, timeframe, since=since, limit=limit)
  File "/Users/zachnewman/Kraken-Bot/Kraken-Bot/.venv/lib/python3.9/site-packages/ccxt/kraken.py", line 1143, in fetch_ohlcv
    market = self.market(symbol)
  File "/Users/zachnewman/Kraken-Bot/Kraken-Bot/.venv/lib/python3.9/site-packages/ccxt/base/exchange.py", line 5561, in market
    raise BadSymbol(self.id + ' does not have market symbol ' + symbol)
ccxt.base.errors.BadSymbol: kraken does not have market symbol BTC//USD:BTC
2025-07-21 16:55:37,372 [src.data_loading] WARNING: fetch_ohlcv failed attempt 2/3: kraken does not have market symbol BTC//USD:BTC â€“ retrying in 5sâ€¦
Traceback (most recent call last):
  File "/Users/zachnewman/Kraken-Bot/Kraken-Bot/src/data_loading.py", line 21, in fetch_ohlcv_with_retry
    bars = exchange.fetch_ohlcv(symbol, timeframe, since=since, limit=limit)
  File "/Users/zachnewman/Kraken-Bot/Kraken-Bot/.venv/lib/python3.9/site-packages/ccxt/kraken.py", line 1143, in fetch_ohlcv
    market = self.market(symbol)
  File "/Users/zachnewman/Kraken-Bot/Kraken-Bot/.venv/lib/python3.9/site-packages/ccxt/base/exchange.py", line 5561, in market
    raise BadSymbol(self.id + ' does not have market symbol ' + symbol)
ccxt.base.errors.BadSymbol: kraken does not have market symbol BTC//USD:BTC
2025-07-21 16:55:42,378 [src.data_loading] ERROR: All 3 attempts to fetch_ohlcv failed for BTC//USD:BTC/5m: kraken does not have market symbol BTC//USD:BTC
Traceback (most recent call last):
  File "/Users/zachnewman/Kraken-Bot/Kraken-Bot/src/data_loading.py", line 21, in fetch_ohlcv_with_retry
    bars = exchange.fetch_ohlcv(symbol, timeframe, since=since, limit=limit)
  File "/Users/zachnewman/Kraken-Bot/Kraken-Bot/.venv/lib/python3.9/site-packages/ccxt/kraken.py", line 1143, in fetch_ohlcv
    market = self.market(symbol)
  File "/Users/zachnewman/Kraken-Bot/Kraken-Bot/.venv/lib/python3.9/site-packages/ccxt/base/exchange.py", line 5561, in market
    raise BadSymbol(self.id + ' does not have market symbol ' + symbol)
ccxt.base.errors.BadSymbol: kraken does not have market symbol BTC//USD:BTC
2025-07-21 16:59:45,572 [__main__] INFO: Loaded config, starting up
2025-07-21 16:59:45,648 [src.data_loading] INFO: Fetching bars since 2025-07-15 10:25:00 (+1ms)
2025-07-21 16:59:48,700 [src.data_loading] INFO: Appended 720 rows up to 2025-07-21 11:10:00 (total 4214 rows)
2025-07-21 16:59:48,907 [__main__] INFO: Engineered data saved to data/processed/btc_ohlcv_5min_engineered.csv
2025-07-21 17:00:03,061 [__main__] INFO: Retuning using only top SHAP features...
2025-07-21 17:00:06,819 [__main__] INFO: Retraining final model using top features and best params...
2025-07-21 17:00:08,350 [__main__] INFO: Final model saved as models/final_xgb_model.json
2025-07-21 17:00:09,015 [__main__] INFO: Running backtest using KrakenStrategy...
2025-07-22 16:09:33,631 [__main__] INFO: Loaded config, starting up
2025-07-22 16:09:33,723 [src.data_loading] INFO: Fetching bars since 2025-07-21 11:10:00 (+1ms)
2025-07-22 16:09:36,409 [src.data_loading] INFO: Appended 278 rows up to 2025-07-22 10:20:00 (total 4492 rows)
2025-07-22 16:09:36,773 [__main__] INFO: Engineered data saved to data/processed/btc_ohlcv_5min_engineered.csv
2025-07-22 16:09:59,633 [__main__] INFO: Retuning using only top SHAP features...
2025-07-22 16:10:04,993 [__main__] INFO: Retraining final model using top features and best params...
2025-07-22 16:10:05,992 [__main__] INFO: Final model saved as models/final_xgb_model.json
2025-07-22 16:10:07,044 [__main__] INFO: Running backtest using KrakenStrategy...
2025-07-22 16:12:22,432 [__main__] INFO: Loaded config, starting up
2025-07-22 16:12:22,509 [src.data_loading] INFO: Fetching bars since 2025-07-22 10:20:00 (+1ms)
2025-07-22 16:12:25,145 [src.data_loading] INFO: Appended 1 rows up to 2025-07-22 10:25:00 (total 4493 rows)
2025-07-22 16:12:25,391 [__main__] INFO: Engineered data saved to data/processed/btc_ohlcv_5min_engineered.csv
2025-07-22 16:12:43,061 [__main__] INFO: Retuning using only top SHAP features...
2025-07-22 16:12:46,257 [__main__] INFO: Retraining final model using top features and best params...
2025-07-22 16:12:46,748 [__main__] INFO: Final model saved as models/final_xgb_model.json
2025-07-22 16:12:47,374 [__main__] INFO: Running backtest using KrakenStrategy...
2025-07-24 11:01:50,974 [__main__] INFO: Loaded config, starting up
2025-07-24 11:01:51,107 [src.data_loading] INFO: Fetching bars since 2025-07-22 10:25:00 (+1ms)
2025-07-24 11:01:54,306 [src.data_loading] INFO: Appended 514 rows up to 2025-07-24 05:15:00 (total 5007 rows)
2025-07-24 11:01:54,936 [__main__] INFO: Engineered data saved to data/processed/btc_ohlcv_5min_engineered.csv
2025-07-24 11:02:17,274 [__main__] INFO: Retuning using only top SHAP features...
2025-07-24 11:02:20,536 [__main__] INFO: Retraining final model using top features and best params...
2025-07-24 11:02:21,222 [__main__] INFO: Final model saved as models/final_xgb_model.json
2025-07-24 11:02:21,698 [__main__] INFO: Running backtest using KrakenStrategy...
2025-07-24 15:37:03,665 [__main__] INFO: Loaded config, starting up
2025-07-24 15:37:03,726 [src.data_loading] INFO: Fetching bars since 2025-07-24 05:15:00 (+1ms)
2025-07-24 15:37:07,487 [src.data_loading] INFO: Appended 55 rows up to 2025-07-24 09:50:00 (total 5062 rows)
2025-07-24 15:37:08,010 [__main__] INFO: Engineered data saved to data/processed/btc_ohlcv_5min_engineered.csv
2025-07-24 15:37:44,952 [__main__] INFO: Retuning using only top SHAP features...
2025-07-24 15:37:51,425 [__main__] INFO: Retraining final model using top features and best params...
2025-07-24 15:37:52,668 [__main__] INFO: Final model saved as models/final_xgb_model.json
2025-07-24 15:37:54,123 [__main__] INFO: Running backtest using KrakenStrategy...
2025-07-24 15:38:54,907 [__main__] INFO: Final equity: $87732.19
2025-07-24 15:38:54,910 [__main__] INFO: Total PnL: $10879.73
2025-07-25 13:19:36,716 [__main__] INFO: Loaded config, starting up
2025-07-25 13:19:36,828 [src.data_loading] INFO: Fetching bars since 2025-07-24 09:50:00 (+1ms)
2025-07-25 13:19:37,260 [src.data_loading] WARNING: fetch_ohlcv failed attempt 1/3: kraken GET https://api.kraken.com/0/public/Assets â€“ retrying in 5sâ€¦
Traceback (most recent call last):
  File "/opt/anaconda3/envs/kraken-bot/lib/python3.10/site-packages/urllib3/connectionpool.py", line 464, in _make_request
    self._validate_conn(conn)
  File "/opt/anaconda3/envs/kraken-bot/lib/python3.10/site-packages/urllib3/connectionpool.py", line 1093, in _validate_conn
    conn.connect()
  File "/opt/anaconda3/envs/kraken-bot/lib/python3.10/site-packages/urllib3/connection.py", line 741, in connect
    sock_and_verified = _ssl_wrap_socket_and_match_hostname(
  File "/opt/anaconda3/envs/kraken-bot/lib/python3.10/site-packages/urllib3/connection.py", line 920, in _ssl_wrap_socket_and_match_hostname
    ssl_sock = ssl_wrap_socket(
  File "/opt/anaconda3/envs/kraken-bot/lib/python3.10/site-packages/urllib3/util/ssl_.py", line 460, in ssl_wrap_socket
    ssl_sock = _ssl_wrap_socket_impl(sock, context, tls_in_tls, server_hostname)
  File "/opt/anaconda3/envs/kraken-bot/lib/python3.10/site-packages/urllib3/util/ssl_.py", line 504, in _ssl_wrap_socket_impl
    return ssl_context.wrap_socket(sock, server_hostname=server_hostname)
  File "/opt/anaconda3/envs/kraken-bot/lib/python3.10/ssl.py", line 513, in wrap_socket
    return self.sslsocket_class._create(
  File "/opt/anaconda3/envs/kraken-bot/lib/python3.10/ssl.py", line 1104, in _create
    self.do_handshake()
  File "/opt/anaconda3/envs/kraken-bot/lib/python3.10/ssl.py", line 1375, in do_handshake
    self._sslobj.do_handshake()
ssl.SSLCertVerificationError: [SSL: CERTIFICATE_VERIFY_FAILED] certificate verify failed: Hostname mismatch, certificate is not valid for 'api.kraken.com'. (_ssl.c:1007)

During handling of the above exception, another exception occurred:

Traceback (most recent call last):
  File "/opt/anaconda3/envs/kraken-bot/lib/python3.10/site-packages/urllib3/connectionpool.py", line 787, in urlopen
    response = self._make_request(
  File "/opt/anaconda3/envs/kraken-bot/lib/python3.10/site-packages/urllib3/connectionpool.py", line 488, in _make_request
    raise new_e
urllib3.exceptions.SSLError: [SSL: CERTIFICATE_VERIFY_FAILED] certificate verify failed: Hostname mismatch, certificate is not valid for 'api.kraken.com'. (_ssl.c:1007)

The above exception was the direct cause of the following exception:

Traceback (most recent call last):
  File "/opt/anaconda3/envs/kraken-bot/lib/python3.10/site-packages/requests/adapters.py", line 667, in send
    resp = conn.urlopen(
  File "/opt/anaconda3/envs/kraken-bot/lib/python3.10/site-packages/urllib3/connectionpool.py", line 841, in urlopen
    retries = retries.increment(
  File "/opt/anaconda3/envs/kraken-bot/lib/python3.10/site-packages/urllib3/util/retry.py", line 519, in increment
    raise MaxRetryError(_pool, url, reason) from reason  # type: ignore[arg-type]
urllib3.exceptions.MaxRetryError: HTTPSConnectionPool(host='api.kraken.com', port=443): Max retries exceeded with url: /0/public/Assets (Caused by SSLError(SSLCertVerificationError(1, "[SSL: CERTIFICATE_VERIFY_FAILED] certificate verify failed: Hostname mismatch, certificate is not valid for 'api.kraken.com'. (_ssl.c:1007)")))

During handling of the above exception, another exception occurred:

Traceback (most recent call last):
  File "/opt/anaconda3/envs/kraken-bot/lib/python3.10/site-packages/ccxt/base/exchange.py", line 556, in fetch
    response = self.session.request(
  File "/opt/anaconda3/envs/kraken-bot/lib/python3.10/site-packages/requests/sessions.py", line 589, in request
    resp = self.send(prep, **send_kwargs)
  File "/opt/anaconda3/envs/kraken-bot/lib/python3.10/site-packages/requests/sessions.py", line 703, in send
    r = adapter.send(request, **kwargs)
  File "/opt/anaconda3/envs/kraken-bot/lib/python3.10/site-packages/requests/adapters.py", line 698, in send
    raise SSLError(e, request=request)
requests.exceptions.SSLError: HTTPSConnectionPool(host='api.kraken.com', port=443): Max retries exceeded with url: /0/public/Assets (Caused by SSLError(SSLCertVerificationError(1, "[SSL: CERTIFICATE_VERIFY_FAILED] certificate verify failed: Hostname mismatch, certificate is not valid for 'api.kraken.com'. (_ssl.c:1007)")))

The above exception was the direct cause of the following exception:

Traceback (most recent call last):
  File "/Users/zachnewman/Desktop/Kraken-Bot/src/data_loading.py", line 21, in fetch_ohlcv_with_retry
    bars = exchange.fetch_ohlcv(symbol, timeframe, since=since, limit=limit)
  File "/opt/anaconda3/envs/kraken-bot/lib/python3.10/site-packages/ccxt/kraken.py", line 1138, in fetch_ohlcv
    self.load_markets()
  File "/opt/anaconda3/envs/kraken-bot/lib/python3.10/site-packages/ccxt/base/exchange.py", line 1551, in load_markets
    currencies = self.fetch_currencies()
  File "/opt/anaconda3/envs/kraken-bot/lib/python3.10/site-packages/ccxt/kraken.py", line 761, in fetch_currencies
    response = self.publicGetAssets(params)
  File "/opt/anaconda3/envs/kraken-bot/lib/python3.10/site-packages/ccxt/base/types.py", line 35, in unbound_method
    return _self.request(self.path, self.api, self.method, params, config=self.config)
  File "/opt/anaconda3/envs/kraken-bot/lib/python3.10/site-packages/ccxt/base/exchange.py", line 4531, in request
    return self.fetch2(path, api, method, params, headers, body, config)
  File "/opt/anaconda3/envs/kraken-bot/lib/python3.10/site-packages/ccxt/base/exchange.py", line 4525, in fetch2
    raise e
  File "/opt/anaconda3/envs/kraken-bot/lib/python3.10/site-packages/ccxt/base/exchange.py", line 4516, in fetch2
    return self.fetch(request['url'], request['method'], request['headers'], request['body'])
  File "/opt/anaconda3/envs/kraken-bot/lib/python3.10/site-packages/ccxt/base/exchange.py", line 609, in fetch
    raise NetworkError(details) from e
ccxt.base.errors.NetworkError: kraken GET https://api.kraken.com/0/public/Assets
2025-07-25 13:19:42,331 [src.data_loading] WARNING: fetch_ohlcv failed attempt 2/3: kraken GET https://api.kraken.com/0/public/Assets â€“ retrying in 5sâ€¦
Traceback (most recent call last):
  File "/opt/anaconda3/envs/kraken-bot/lib/python3.10/site-packages/urllib3/connectionpool.py", line 464, in _make_request
    self._validate_conn(conn)
  File "/opt/anaconda3/envs/kraken-bot/lib/python3.10/site-packages/urllib3/connectionpool.py", line 1093, in _validate_conn
    conn.connect()
  File "/opt/anaconda3/envs/kraken-bot/lib/python3.10/site-packages/urllib3/connection.py", line 741, in connect
    sock_and_verified = _ssl_wrap_socket_and_match_hostname(
  File "/opt/anaconda3/envs/kraken-bot/lib/python3.10/site-packages/urllib3/connection.py", line 920, in _ssl_wrap_socket_and_match_hostname
    ssl_sock = ssl_wrap_socket(
  File "/opt/anaconda3/envs/kraken-bot/lib/python3.10/site-packages/urllib3/util/ssl_.py", line 460, in ssl_wrap_socket
    ssl_sock = _ssl_wrap_socket_impl(sock, context, tls_in_tls, server_hostname)
  File "/opt/anaconda3/envs/kraken-bot/lib/python3.10/site-packages/urllib3/util/ssl_.py", line 504, in _ssl_wrap_socket_impl
    return ssl_context.wrap_socket(sock, server_hostname=server_hostname)
  File "/opt/anaconda3/envs/kraken-bot/lib/python3.10/ssl.py", line 513, in wrap_socket
    return self.sslsocket_class._create(
  File "/opt/anaconda3/envs/kraken-bot/lib/python3.10/ssl.py", line 1104, in _create
    self.do_handshake()
  File "/opt/anaconda3/envs/kraken-bot/lib/python3.10/ssl.py", line 1375, in do_handshake
    self._sslobj.do_handshake()
ssl.SSLCertVerificationError: [SSL: CERTIFICATE_VERIFY_FAILED] certificate verify failed: Hostname mismatch, certificate is not valid for 'api.kraken.com'. (_ssl.c:1007)

During handling of the above exception, another exception occurred:

Traceback (most recent call last):
  File "/opt/anaconda3/envs/kraken-bot/lib/python3.10/site-packages/urllib3/connectionpool.py", line 787, in urlopen
    response = self._make_request(
  File "/opt/anaconda3/envs/kraken-bot/lib/python3.10/site-packages/urllib3/connectionpool.py", line 488, in _make_request
    raise new_e
urllib3.exceptions.SSLError: [SSL: CERTIFICATE_VERIFY_FAILED] certificate verify failed: Hostname mismatch, certificate is not valid for 'api.kraken.com'. (_ssl.c:1007)

The above exception was the direct cause of the following exception:

Traceback (most recent call last):
  File "/opt/anaconda3/envs/kraken-bot/lib/python3.10/site-packages/requests/adapters.py", line 667, in send
    resp = conn.urlopen(
  File "/opt/anaconda3/envs/kraken-bot/lib/python3.10/site-packages/urllib3/connectionpool.py", line 841, in urlopen
    retries = retries.increment(
  File "/opt/anaconda3/envs/kraken-bot/lib/python3.10/site-packages/urllib3/util/retry.py", line 519, in increment
    raise MaxRetryError(_pool, url, reason) from reason  # type: ignore[arg-type]
urllib3.exceptions.MaxRetryError: HTTPSConnectionPool(host='api.kraken.com', port=443): Max retries exceeded with url: /0/public/Assets (Caused by SSLError(SSLCertVerificationError(1, "[SSL: CERTIFICATE_VERIFY_FAILED] certificate verify failed: Hostname mismatch, certificate is not valid for 'api.kraken.com'. (_ssl.c:1007)")))

During handling of the above exception, another exception occurred:

Traceback (most recent call last):
  File "/opt/anaconda3/envs/kraken-bot/lib/python3.10/site-packages/ccxt/base/exchange.py", line 556, in fetch
    response = self.session.request(
  File "/opt/anaconda3/envs/kraken-bot/lib/python3.10/site-packages/requests/sessions.py", line 589, in request
    resp = self.send(prep, **send_kwargs)
  File "/opt/anaconda3/envs/kraken-bot/lib/python3.10/site-packages/requests/sessions.py", line 703, in send
    r = adapter.send(request, **kwargs)
  File "/opt/anaconda3/envs/kraken-bot/lib/python3.10/site-packages/requests/adapters.py", line 698, in send
    raise SSLError(e, request=request)
requests.exceptions.SSLError: HTTPSConnectionPool(host='api.kraken.com', port=443): Max retries exceeded with url: /0/public/Assets (Caused by SSLError(SSLCertVerificationError(1, "[SSL: CERTIFICATE_VERIFY_FAILED] certificate verify failed: Hostname mismatch, certificate is not valid for 'api.kraken.com'. (_ssl.c:1007)")))

The above exception was the direct cause of the following exception:

Traceback (most recent call last):
  File "/Users/zachnewman/Desktop/Kraken-Bot/src/data_loading.py", line 21, in fetch_ohlcv_with_retry
    bars = exchange.fetch_ohlcv(symbol, timeframe, since=since, limit=limit)
  File "/opt/anaconda3/envs/kraken-bot/lib/python3.10/site-packages/ccxt/kraken.py", line 1138, in fetch_ohlcv
    self.load_markets()
  File "/opt/anaconda3/envs/kraken-bot/lib/python3.10/site-packages/ccxt/base/exchange.py", line 1551, in load_markets
    currencies = self.fetch_currencies()
  File "/opt/anaconda3/envs/kraken-bot/lib/python3.10/site-packages/ccxt/kraken.py", line 761, in fetch_currencies
    response = self.publicGetAssets(params)
  File "/opt/anaconda3/envs/kraken-bot/lib/python3.10/site-packages/ccxt/base/types.py", line 35, in unbound_method
    return _self.request(self.path, self.api, self.method, params, config=self.config)
  File "/opt/anaconda3/envs/kraken-bot/lib/python3.10/site-packages/ccxt/base/exchange.py", line 4531, in request
    return self.fetch2(path, api, method, params, headers, body, config)
  File "/opt/anaconda3/envs/kraken-bot/lib/python3.10/site-packages/ccxt/base/exchange.py", line 4525, in fetch2
    raise e
  File "/opt/anaconda3/envs/kraken-bot/lib/python3.10/site-packages/ccxt/base/exchange.py", line 4516, in fetch2
    return self.fetch(request['url'], request['method'], request['headers'], request['body'])
  File "/opt/anaconda3/envs/kraken-bot/lib/python3.10/site-packages/ccxt/base/exchange.py", line 609, in fetch
    raise NetworkError(details) from e
ccxt.base.errors.NetworkError: kraken GET https://api.kraken.com/0/public/Assets
2025-07-25 13:20:02,776 [__main__] INFO: Loaded config, starting up
2025-07-25 13:20:02,857 [src.data_loading] INFO: Fetching bars since 2025-07-24 09:50:00 (+1ms)
2025-07-25 13:20:06,601 [src.data_loading] INFO: Appended 261 rows up to 2025-07-25 07:35:00 (total 5323 rows)
2025-07-25 13:20:07,353 [__main__] INFO: Engineered data saved to data/processed/btc_ohlcv_5min_engineered.csv
2025-07-25 13:20:38,621 [__main__] INFO: Retuning using only top SHAP features...
2025-07-25 13:20:46,348 [__main__] INFO: Retraining final model using top features and best params...
2025-07-25 13:20:48,218 [__main__] INFO: Final model saved as models/final_xgb_model.json
2025-07-25 13:35:24,819 [__main__] INFO: Loaded config, starting up
2025-07-25 13:35:24,918 [src.data_loading] INFO: Fetching bars since 2025-07-25 07:35:00 (+1ms)
2025-07-25 13:35:27,673 [src.data_loading] INFO: Appended 3 rows up to 2025-07-25 07:50:00 (total 5326 rows)
2025-07-25 13:35:28,115 [__main__] INFO: Engineered data saved to data/processed/btc_ohlcv_5min_engineered.csv
2025-07-25 13:36:01,480 [__main__] INFO: Retuning using only top SHAP features...
2025-07-25 13:36:06,609 [__main__] INFO: Retraining final model using top features and best params...
2025-07-25 13:36:07,609 [__main__] INFO: Final model saved as models/final_xgb_model.json
2025-07-25 13:37:21,383 [__main__] INFO: Loaded config, starting up
2025-07-25 13:37:21,422 [src.data_loading] INFO: Fetching bars since 2025-07-25 07:50:00 (+1ms)
2025-07-25 13:37:23,989 [src.data_loading] INFO: No new bars returned.
2025-07-25 13:37:24,223 [__main__] INFO: Engineered data saved to data/processed/btc_ohlcv_5min_engineered.csv
2025-07-25 13:37:45,978 [__main__] INFO: Retuning using only top SHAP features...
2025-07-25 13:37:49,127 [__main__] INFO: Retraining final model using top features and best params...
2025-07-25 13:37:49,762 [__main__] INFO: Final model saved as models/final_xgb_model.json
2025-07-25 13:40:26,338 [__main__] INFO: Loaded config, starting up
2025-07-25 13:40:26,410 [src.data_loading] INFO: Fetching bars since 2025-07-25 07:50:00 (+1ms)
2025-07-25 13:40:28,943 [src.data_loading] INFO: Appended 1 rows up to 2025-07-25 07:55:00 (total 5327 rows)
2025-07-25 13:40:29,232 [__main__] INFO: Engineered data saved to data/processed/btc_ohlcv_5min_engineered.csv
2025-07-25 13:40:59,090 [__main__] INFO: Retuning using only top SHAP features...
2025-07-25 13:41:02,311 [__main__] INFO: Retraining final model using top features and best params...
2025-07-25 13:41:03,358 [__main__] INFO: Final model saved as models/final_xgb_model.json
2025-07-25 13:42:47,940 [__main__] INFO: Loaded config, starting up
2025-07-25 13:42:48,056 [src.data_loading] INFO: Fetching bars since 2025-07-25 07:55:00 (+1ms)
2025-07-25 13:42:50,596 [src.data_loading] INFO: No new bars returned.
2025-07-25 13:42:50,853 [__main__] INFO: Engineered data saved to data/processed/btc_ohlcv_5min_engineered.csv
2025-07-25 13:43:10,387 [__main__] INFO: Final model saved as models/final_xgb_model.json
2025-07-25 13:43:10,388 [__main__] INFO: Retuning using only top SHAP features...
2025-07-25 13:43:13,810 [__main__] INFO: Retraining final model using top features and best params...
2025-07-25 13:43:14,574 [__main__] INFO: Final model saved as models/final_xgb_model.json
2025-07-25 14:20:07,493 [__main__] INFO: Loaded config, starting up
2025-07-25 14:20:07,575 [src.data_loading] INFO: Fetching bars since 2025-07-25 07:55:00 (+1ms)
2025-07-25 14:20:10,274 [src.data_loading] INFO: Appended 8 rows up to 2025-07-25 08:35:00 (total 5335 rows)
2025-07-25 14:20:10,552 [__main__] INFO: Engineered data saved to data/processed/btc_ohlcv_5min_engineered.csv
2025-07-25 14:20:39,198 [__main__] INFO: Horizon 1 model saved to models/xgb_h1.json
2025-07-25 14:20:39,200 [__main__] INFO: Retuning using only top SHAP features...
2025-07-25 14:22:05,462 [__main__] INFO: Loaded config, starting up
2025-07-25 14:22:05,680 [src.data_loading] INFO: Fetching bars since 2025-07-25 08:35:00 (+1ms)
2025-07-25 14:22:08,874 [src.data_loading] INFO: No new bars returned.
2025-07-25 14:22:10,466 [__main__] INFO: Engineered data saved to data/processed/btc_ohlcv_5min_engineered.csv
2025-07-25 14:22:49,476 [__main__] INFO: Horizon 1 model saved to models/xgb_h1.json
2025-07-25 14:23:01,873 [__main__] INFO: Horizon 12 model saved to models/xgb_h12.json
2025-07-25 14:23:23,284 [__main__] INFO: Horizon 24 model saved to models/xgb_h24.json
2025-07-25 14:23:44,803 [__main__] INFO: Horizon 48 model saved to models/xgb_h48.json
2025-07-25 14:24:56,863 [__main__] INFO: Loaded config, starting up
2025-07-25 14:24:56,964 [src.data_loading] INFO: Fetching bars since 2025-07-25 08:35:00 (+1ms)
2025-07-25 14:24:59,783 [src.data_loading] INFO: No new bars returned.
2025-07-25 14:25:00,247 [__main__] INFO: Engineered data saved to data/processed/btc_ohlcv_5min_engineered.csv
2025-07-25 14:25:26,771 [__main__] INFO: Horizon 1 model saved to models/xgb_h1.json
2025-07-25 14:25:26,772 [__main__] INFO: Retuning using only top SHAP features...
2025-07-25 14:25:30,110 [__main__] INFO: Retraining final model using top features and best params...
2025-07-25 14:25:30,821 [__main__] INFO: Final model saved as models/final_xgb_model.json
2025-07-25 14:25:49,542 [__main__] INFO: Horizon 12 model saved to models/xgb_h12.json
2025-07-25 14:25:49,543 [__main__] INFO: Retuning using only top SHAP features...
2025-07-25 14:25:55,187 [__main__] INFO: Retraining final model using top features and best params...
2025-07-25 14:25:57,013 [__main__] INFO: Final model saved as models/final_xgb_model.json
2025-07-25 14:26:10,294 [__main__] INFO: Horizon 24 model saved to models/xgb_h24.json
2025-07-25 14:26:10,296 [__main__] INFO: Retuning using only top SHAP features...
2025-07-25 14:26:14,027 [__main__] INFO: Retraining final model using top features and best params...
2025-07-25 14:26:15,454 [__main__] INFO: Final model saved as models/final_xgb_model.json
2025-07-25 14:26:36,137 [__main__] INFO: Horizon 48 model saved to models/xgb_h48.json
2025-07-25 14:26:36,138 [__main__] INFO: Retuning using only top SHAP features...
2025-07-25 14:26:39,959 [__main__] INFO: Retraining final model using top features and best params...
2025-07-25 14:26:40,695 [__main__] INFO: Final model saved as models/final_xgb_model.json
2025-07-25 14:29:35,050 [__main__] INFO: Loaded config, starting up
2025-07-25 14:29:35,122 [src.data_loading] INFO: Fetching bars since 2025-07-25 08:35:00 (+1ms)
2025-07-25 14:29:38,055 [src.data_loading] INFO: Appended 1 rows up to 2025-07-25 08:40:00 (total 5336 rows)
2025-07-25 14:29:38,317 [__main__] INFO: Engineered data saved to data/processed/btc_ohlcv_5min_engineered.csv
2025-07-25 14:29:58,010 [__main__] INFO: Horizon 1 model saved to models/xgb_h1.json
2025-07-25 14:29:58,011 [__main__] INFO: Retraining horizon 1 using top SHAP features...
2025-07-25 14:30:03,763 [__main__] INFO: Horizon 1 SHAP-retrained model saved to models/xgb_h1.json
2025-07-25 14:30:16,677 [__main__] INFO: Horizon 12 model saved to models/xgb_h12.json
2025-07-25 14:30:16,678 [__main__] INFO: Retraining horizon 12 using top SHAP features...
2025-07-25 14:30:29,297 [__main__] INFO: Horizon 12 SHAP-retrained model saved to models/xgb_h12.json
2025-07-25 14:30:42,174 [__main__] INFO: Horizon 24 model saved to models/xgb_h24.json
2025-07-25 14:30:42,175 [__main__] INFO: Retraining horizon 24 using top SHAP features...
2025-07-25 14:30:49,832 [__main__] INFO: Horizon 24 SHAP-retrained model saved to models/xgb_h24.json
2025-07-25 14:31:11,373 [__main__] INFO: Horizon 48 model saved to models/xgb_h48.json
2025-07-25 14:31:11,375 [__main__] INFO: Retraining horizon 48 using top SHAP features...
2025-07-25 14:31:17,812 [__main__] INFO: Horizon 48 SHAP-retrained model saved to models/xgb_h48.json
2025-07-25 17:44:11,228 [__main__] INFO: Loaded config, starting up
2025-07-25 17:44:11,314 [src.data_loading] INFO: Fetching bars since 2025-07-25 08:40:00 (+1ms)
2025-07-25 17:44:14,236 [src.data_loading] INFO: Appended 39 rows up to 2025-07-25 11:55:00 (total 5375 rows)
2025-07-25 17:44:14,505 [__main__] INFO: Engineered data saved to data/processed/btc_ohlcv_5min_engineered.csv
2025-07-25 17:44:38,493 [__main__] INFO: Horizon 1 model saved to models/xgb_h1.json
2025-07-25 17:44:38,494 [__main__] INFO: Retraining horizon 1 using top SHAP features...
2025-07-25 17:44:43,911 [__main__] INFO: Horizon 1 SHAP-retrained model saved to models/xgb_h1.json
2025-07-25 17:44:56,218 [__main__] INFO: Horizon 12 model saved to models/xgb_h12.json
2025-07-25 17:44:56,219 [__main__] INFO: Retraining horizon 12 using top SHAP features...
2025-07-25 17:45:05,167 [__main__] INFO: Horizon 12 SHAP-retrained model saved to models/xgb_h12.json
2025-07-25 17:45:24,635 [__main__] INFO: Horizon 24 model saved to models/xgb_h24.json
2025-07-25 17:45:24,638 [__main__] INFO: Retraining horizon 24 using top SHAP features...
2025-07-25 17:45:37,147 [__main__] INFO: Horizon 24 SHAP-retrained model saved to models/xgb_h24.json
2025-07-25 17:45:54,545 [__main__] INFO: Horizon 48 model saved to models/xgb_h48.json
2025-07-25 17:45:54,547 [__main__] INFO: Retraining horizon 48 using top SHAP features...
2025-07-25 17:46:02,620 [__main__] INFO: Horizon 48 SHAP-retrained model saved to models/xgb_h48.json
2025-07-26 09:01:04,473 [__main__] INFO: Loaded config, starting up
2025-07-26 09:01:04,584 [src.data_loading] INFO: Fetching bars since 2025-07-25 11:55:00 (+1ms)
2025-07-26 09:01:07,369 [src.data_loading] INFO: Appended 184 rows up to 2025-07-26 03:15:00 (total 5559 rows)
2025-07-26 09:01:08,040 [__main__] INFO: Engineered data saved to data/processed/btc_ohlcv_5min_engineered.csv
2025-07-26 09:01:32,071 [__main__] INFO: Horizon 1 model saved to models/xgb_h1.json
2025-07-26 09:01:32,072 [__main__] INFO: Retraining horizon 1 using top SHAP features...
2025-07-26 09:01:37,973 [__main__] INFO: Horizon 1 SHAP-retrained model saved to models/xgb_h1.json
2025-07-26 09:01:47,908 [__main__] INFO: Horizon 12 model saved to models/xgb_h12.json
2025-07-26 09:01:47,909 [__main__] INFO: Retraining horizon 12 using top SHAP features...
2025-07-26 09:01:53,334 [__main__] INFO: Horizon 12 SHAP-retrained model saved to models/xgb_h12.json
2025-07-26 09:02:02,886 [__main__] INFO: Horizon 24 model saved to models/xgb_h24.json
2025-07-26 09:02:02,887 [__main__] INFO: Retraining horizon 24 using top SHAP features...
2025-07-26 09:02:08,371 [__main__] INFO: Horizon 24 SHAP-retrained model saved to models/xgb_h24.json
2025-07-26 09:02:17,086 [__main__] INFO: Horizon 48 model saved to models/xgb_h48.json
2025-07-26 09:02:17,087 [__main__] INFO: Retraining horizon 48 using top SHAP features...
2025-07-26 09:02:21,926 [__main__] INFO: Horizon 48 SHAP-retrained model saved to models/xgb_h48.json
2025-07-27 09:55:45,831 [__main__] INFO: Loaded config, starting up
2025-07-27 09:55:45,920 [src.data_loading] INFO: Fetching bars since 2025-07-26 03:15:00 (+1ms)
2025-07-27 09:55:48,593 [src.data_loading] INFO: Appended 299 rows up to 2025-07-27 04:10:00 (total 5858 rows)
2025-07-27 09:55:48,863 [__main__] INFO: Engineered data saved to data/processed/btc_ohlcv_5min_engineered.csv
2025-07-27 09:56:03,221 [__main__] INFO: Horizon 1 model saved to models/xgb_h1.json
2025-07-27 09:56:03,223 [__main__] INFO: Retraining horizon 1 using top SHAP features...
2025-07-27 09:56:06,099 [__main__] INFO: Horizon 1 SHAP-retrained model saved to models/xgb_h1.json
2025-07-27 09:56:13,258 [__main__] INFO: Horizon 12 model saved to models/xgb_h12.json
2025-07-27 09:56:13,259 [__main__] INFO: Retraining horizon 12 using top SHAP features...
2025-07-27 09:56:17,736 [__main__] INFO: Horizon 12 SHAP-retrained model saved to models/xgb_h12.json
2025-07-27 09:56:28,963 [__main__] INFO: Horizon 24 model saved to models/xgb_h24.json
2025-07-27 09:56:28,964 [__main__] INFO: Retraining horizon 24 using top SHAP features...
2025-07-27 09:56:33,838 [__main__] INFO: Horizon 24 SHAP-retrained model saved to models/xgb_h24.json
2025-07-27 09:56:41,667 [__main__] INFO: Horizon 48 model saved to models/xgb_h48.json
2025-07-27 09:56:41,668 [__main__] INFO: Retraining horizon 48 using top SHAP features...
2025-07-27 09:56:47,330 [__main__] INFO: Horizon 48 SHAP-retrained model saved to models/xgb_h48.json
2025-07-28 17:45:37,365 [__main__] INFO: Loaded config, starting up
2025-07-28 17:45:37,446 [src.data_loading] INFO: Fetching bars since 2025-07-27 04:10:00 (+1ms)
2025-07-28 17:45:40,488 [src.data_loading] INFO: Appended 382 rows up to 2025-07-28 12:00:00 (total 6240 rows)
2025-07-28 17:45:40,850 [__main__] INFO: Engineered data saved to data/processed/btc_ohlcv_5min_engineered.csv
2025-07-28 17:46:01,849 [__main__] INFO: Horizon 1 model saved to models/xgb_h1.json
2025-07-28 17:46:01,850 [__main__] INFO: Retraining horizon 1 using top SHAP features...
2025-07-28 17:46:06,068 [__main__] INFO: Horizon 1 SHAP-retrained model saved to models/xgb_h1.json
2025-07-28 17:46:14,605 [__main__] INFO: Horizon 12 model saved to models/xgb_h12.json
2025-07-28 17:46:14,606 [__main__] INFO: Retraining horizon 12 using top SHAP features...
2025-07-28 17:46:18,752 [__main__] INFO: Horizon 12 SHAP-retrained model saved to models/xgb_h12.json
2025-07-28 17:46:28,069 [__main__] INFO: Horizon 24 model saved to models/xgb_h24.json
2025-07-28 17:46:28,070 [__main__] INFO: Retraining horizon 24 using top SHAP features...
2025-07-28 17:46:32,300 [__main__] INFO: Horizon 24 SHAP-retrained model saved to models/xgb_h24.json
2025-07-28 17:46:43,759 [__main__] INFO: Horizon 48 model saved to models/xgb_h48.json
2025-07-28 17:46:43,760 [__main__] INFO: Retraining horizon 48 using top SHAP features...
2025-07-28 17:46:49,221 [__main__] INFO: Horizon 48 SHAP-retrained model saved to models/xgb_h48.json
2025-07-29 08:36:37,455 [__main__] INFO: Loaded config, starting up
2025-07-29 08:36:37,565 [src.data_loading] INFO: Fetching bars since 2025-07-28 12:00:00 (+1ms)
2025-07-29 08:36:40,155 [src.data_loading] INFO: Appended 178 rows up to 2025-07-29 02:50:00 (total 6418 rows)
2025-07-29 08:36:40,792 [__main__] INFO: Engineered data saved to data/processed/btc_ohlcv_5min_engineered.csv
2025-07-29 08:37:11,377 [__main__] INFO: Horizon 1 model saved to models/xgb_h1.json
2025-07-29 08:37:11,378 [__main__] INFO: Retraining horizon 1 using top SHAP features...
2025-07-29 08:37:16,285 [__main__] INFO: Horizon 1 SHAP-retrained model saved to models/xgb_h1.json
2025-07-29 08:37:29,467 [__main__] INFO: Horizon 12 model saved to models/xgb_h12.json
2025-07-29 08:37:29,468 [__main__] INFO: Retraining horizon 12 using top SHAP features...
2025-07-29 08:37:33,754 [__main__] INFO: Horizon 12 SHAP-retrained model saved to models/xgb_h12.json
2025-07-29 08:37:42,881 [__main__] INFO: Horizon 24 model saved to models/xgb_h24.json
2025-07-29 08:37:42,882 [__main__] INFO: Retraining horizon 24 using top SHAP features...
2025-07-29 08:37:48,407 [__main__] INFO: Horizon 24 SHAP-retrained model saved to models/xgb_h24.json
2025-07-29 08:37:59,078 [__main__] INFO: Horizon 48 model saved to models/xgb_h48.json
2025-07-29 08:37:59,079 [__main__] INFO: Retraining horizon 48 using top SHAP features...
2025-07-29 08:38:03,606 [__main__] INFO: Horizon 48 SHAP-retrained model saved to models/xgb_h48.json
2025-07-29 15:25:58,655 [__main__] INFO: Loaded config, starting up
2025-07-29 15:25:58,741 [src.data_loading] INFO: Fetching bars since 2025-07-29 02:50:00 (+1ms)
2025-07-29 15:26:01,785 [src.data_loading] INFO: Appended 82 rows up to 2025-07-29 09:40:00 (total 6500 rows)
2025-07-29 15:26:02,081 [__main__] INFO: Engineered data saved to data/processed/btc_ohlcv_5min_engineered.csv
2025-07-29 15:26:30,750 [__main__] INFO: Horizon 1 model saved to models/xgb_h1.json
2025-07-29 15:26:30,751 [__main__] INFO: Retraining horizon 1 using top SHAP features...
2025-07-29 15:26:35,263 [__main__] INFO: Horizon 1 SHAP-retrained model saved to models/xgb_h1.json
2025-07-29 15:26:47,639 [__main__] INFO: Horizon 12 model saved to models/xgb_h12.json
2025-07-29 15:26:47,640 [__main__] INFO: Retraining horizon 12 using top SHAP features...
2025-07-29 15:26:55,540 [__main__] INFO: Horizon 12 SHAP-retrained model saved to models/xgb_h12.json
2025-07-29 15:27:10,104 [__main__] INFO: Horizon 24 model saved to models/xgb_h24.json
2025-07-29 15:27:10,105 [__main__] INFO: Retraining horizon 24 using top SHAP features...
2025-07-29 15:27:17,359 [__main__] INFO: Horizon 24 SHAP-retrained model saved to models/xgb_h24.json
2025-07-29 15:27:40,440 [__main__] INFO: Horizon 48 model saved to models/xgb_h48.json
2025-07-29 15:27:40,442 [__main__] INFO: Retraining horizon 48 using top SHAP features...
2025-07-29 15:27:45,293 [__main__] INFO: Horizon 48 SHAP-retrained model saved to models/xgb_h48.json
2025-07-30 10:21:56,034 [__main__] INFO: Loaded config, starting up
2025-07-30 10:21:56,158 [src.data_loading] INFO: Fetching bars since 2025-07-29 09:40:00 (+1ms)
2025-07-30 10:21:59,165 [src.data_loading] INFO: Appended 227 rows up to 2025-07-30 04:35:00 (total 6727 rows)
2025-07-30 10:21:59,542 [__main__] INFO: Engineered data saved to data/processed/btc_ohlcv_5min_engineered.csv
2025-07-30 10:22:29,352 [__main__] INFO: Horizon 1 model saved to models/xgb_h1.json
2025-07-30 10:22:29,354 [__main__] INFO: Retraining horizon 1 using top SHAP features...
2025-07-30 10:22:38,831 [__main__] INFO: Horizon 1 SHAP-retrained model saved to models/xgb_h1.json
2025-07-30 10:23:10,750 [__main__] INFO: Horizon 12 model saved to models/xgb_h12.json
2025-07-30 10:23:10,753 [__main__] INFO: Retraining horizon 12 using top SHAP features...
2025-07-30 10:23:21,297 [__main__] INFO: Horizon 12 SHAP-retrained model saved to models/xgb_h12.json
2025-07-30 10:23:37,961 [__main__] INFO: Horizon 24 model saved to models/xgb_h24.json
2025-07-30 10:23:37,962 [__main__] INFO: Retraining horizon 24 using top SHAP features...
2025-07-30 10:23:56,055 [__main__] INFO: Horizon 24 SHAP-retrained model saved to models/xgb_h24.json
2025-07-30 10:24:06,484 [__main__] INFO: Horizon 48 model saved to models/xgb_h48.json
2025-07-30 10:24:06,485 [__main__] INFO: Retraining horizon 48 using top SHAP features...
2025-07-30 10:24:10,276 [__main__] INFO: Horizon 48 SHAP-retrained model saved to models/xgb_h48.json
2025-08-02 14:17:14,314 [__main__] INFO: Loaded config, starting up
2025-08-02 14:17:14,399 [src.data_loading] INFO: Fetching bars since 2025-07-30 04:35:00 (+1ms)
2025-08-02 14:17:17,411 [src.data_loading] INFO: Appended 720 rows up to 2025-08-02 08:30:00 (total 7447 rows)
2025-08-02 14:17:17,925 [__main__] INFO: Engineered data saved to data/processed/btc_ohlcv_5min_engineered.csv
2025-08-02 14:17:35,183 [__main__] INFO: Horizon 1 model saved to models/xgb_h1.json
2025-08-02 14:17:35,184 [__main__] INFO: Retraining horizon 1 using top SHAP features...
2025-08-02 14:17:42,683 [__main__] INFO: Horizon 1 SHAP-retrained model saved to models/xgb_h1.json
2025-08-02 14:17:54,198 [__main__] INFO: Horizon 12 model saved to models/xgb_h12.json
2025-08-02 14:17:54,199 [__main__] INFO: Retraining horizon 12 using top SHAP features...
2025-08-02 14:18:05,680 [__main__] INFO: Horizon 12 SHAP-retrained model saved to models/xgb_h12.json
2025-08-02 14:18:25,158 [__main__] INFO: Horizon 24 model saved to models/xgb_h24.json
2025-08-02 14:18:25,159 [__main__] INFO: Retraining horizon 24 using top SHAP features...
2025-08-02 14:18:33,675 [__main__] INFO: Horizon 24 SHAP-retrained model saved to models/xgb_h24.json
2025-08-02 14:18:48,992 [__main__] INFO: Horizon 48 model saved to models/xgb_h48.json
2025-08-02 14:18:48,992 [__main__] INFO: Retraining horizon 48 using top SHAP features...
2025-08-02 14:18:56,323 [__main__] INFO: Horizon 48 SHAP-retrained model saved to models/xgb_h48.json
2025-08-11 16:48:39,661 [__main__] INFO: Loaded config, starting up
2025-08-11 16:48:39,745 [src.data_loading] INFO: Fetching bars since 2025-08-02 08:30:00 (+1ms)
2025-08-11 16:48:42,529 [src.data_loading] INFO: Appended 720 rows up to 2025-08-11 09:40:00 (total 8167 rows)
2025-08-11 16:48:43,366 [__main__] INFO: Engineered data saved to data/processed/btc_ohlcv_5min_engineered.csv
2025-08-11 16:49:11,816 [__main__] INFO: Horizon 1 model saved to models/xgb_h1.json
2025-08-11 16:49:11,817 [__main__] INFO: Retraining horizon 1 using top SHAP features...
2025-08-11 16:49:19,348 [__main__] INFO: Horizon 1 SHAP-retrained model saved to models/xgb_h1.json
2025-08-11 16:49:30,598 [__main__] INFO: Horizon 12 model saved to models/xgb_h12.json
2025-08-11 16:49:30,599 [__main__] INFO: Retraining horizon 12 using top SHAP features...
2025-08-11 16:49:37,179 [__main__] INFO: Horizon 12 SHAP-retrained model saved to models/xgb_h12.json
2025-08-11 16:49:47,680 [__main__] INFO: Horizon 24 model saved to models/xgb_h24.json
2025-08-11 16:49:47,680 [__main__] INFO: Retraining horizon 24 using top SHAP features...
2025-08-11 16:49:53,698 [__main__] INFO: Horizon 24 SHAP-retrained model saved to models/xgb_h24.json
2025-08-11 16:50:04,500 [__main__] INFO: Horizon 48 model saved to models/xgb_h48.json
2025-08-11 16:50:04,501 [__main__] INFO: Retraining horizon 48 using top SHAP features...
2025-08-11 16:50:10,241 [__main__] INFO: Horizon 48 SHAP-retrained model saved to models/xgb_h48.json
2025-08-13 09:53:20,994 [__main__] INFO: Loaded config, starting up
2025-08-13 09:53:21,097 [src.data_loading] INFO: Fetching bars since 2025-08-11 09:40:00 (+1ms)
2025-08-13 09:53:23,666 [src.data_loading] INFO: Appended 566 rows up to 2025-08-13 08:50:00 (total 8733 rows)
2025-08-13 09:53:24,688 [__main__] INFO: Engineered data saved to data/processed/btc_ohlcv_5min_engineered.csv
2025-08-13 09:53:51,150 [__main__] INFO: Horizon 1 model saved to models/xgb_h1.json
2025-08-13 09:53:51,152 [__main__] INFO: Retraining horizon 1 using top SHAP features...
2025-08-13 09:53:58,373 [__main__] INFO: Horizon 1 SHAP-retrained model saved to models/xgb_h1.json
2025-08-13 09:54:14,948 [__main__] INFO: Horizon 12 model saved to models/xgb_h12.json
2025-08-13 09:54:14,948 [__main__] INFO: Retraining horizon 12 using top SHAP features...
2025-08-13 09:54:24,749 [__main__] INFO: Horizon 12 SHAP-retrained model saved to models/xgb_h12.json
2025-08-13 09:54:42,859 [__main__] INFO: Horizon 24 model saved to models/xgb_h24.json
2025-08-13 09:54:42,861 [__main__] INFO: Retraining horizon 24 using top SHAP features...
2025-08-13 09:54:52,602 [__main__] INFO: Horizon 24 SHAP-retrained model saved to models/xgb_h24.json
2025-08-13 09:55:10,820 [__main__] INFO: Horizon 48 model saved to models/xgb_h48.json
2025-08-13 09:55:10,821 [__main__] INFO: Retraining horizon 48 using top SHAP features...
2025-08-13 09:55:19,675 [__main__] INFO: Horizon 48 SHAP-retrained model saved to models/xgb_h48.json
2025-08-15 12:45:48,767 [__main__] INFO: Loaded config, starting up
2025-08-15 12:45:48,827 [src.data_loading] INFO: Fetching bars since 2025-08-13 08:50:00 (+1ms)
2025-08-15 12:45:51,302 [src.data_loading] INFO: Appended 611 rows up to 2025-08-15 11:45:00 (total 9344 rows)
2025-08-15 12:45:51,677 [__main__] INFO: Engineered data saved to data/processed/btc_ohlcv_5min_engineered.csv
2025-08-15 12:46:08,031 [__main__] INFO: Horizon 1 model saved to models/xgb_h1.json
2025-08-15 12:46:08,033 [__main__] INFO: Retraining horizon 1 using top SHAP features...
2025-08-15 12:46:12,209 [__main__] INFO: Horizon 1 SHAP-retrained model saved to models/xgb_h1.json
2025-08-15 12:46:19,893 [__main__] INFO: Horizon 12 model saved to models/xgb_h12.json
2025-08-15 12:46:19,894 [__main__] INFO: Retraining horizon 12 using top SHAP features...
2025-08-15 12:46:24,051 [__main__] INFO: Horizon 12 SHAP-retrained model saved to models/xgb_h12.json
2025-08-15 12:46:33,390 [__main__] INFO: Horizon 24 model saved to models/xgb_h24.json
2025-08-15 12:46:33,391 [__main__] INFO: Retraining horizon 24 using top SHAP features...
2025-08-15 12:46:40,041 [__main__] INFO: Horizon 24 SHAP-retrained model saved to models/xgb_h24.json
2025-08-15 12:46:50,374 [__main__] INFO: Horizon 48 model saved to models/xgb_h48.json
2025-08-15 12:46:50,375 [__main__] INFO: Retraining horizon 48 using top SHAP features...
2025-08-15 12:46:56,062 [__main__] INFO: Horizon 48 SHAP-retrained model saved to models/xgb_h48.json
2025-08-17 16:15:27,945 [__main__] INFO: Loaded config, starting up
2025-08-17 16:15:28,013 [src.data_loading] INFO: Fetching bars since 2025-08-15 11:45:00 (+1ms)
2025-08-17 16:15:30,488 [src.data_loading] INFO: Appended 618 rows up to 2025-08-17 15:15:00 (total 9962 rows)
2025-08-17 16:15:30,841 [__main__] INFO: Engineered data saved to data/processed/btc_ohlcv_5min_engineered.csv
2025-08-17 16:15:49,291 [__main__] INFO: Horizon 1 model saved to models/xgb_h1.json
2025-08-17 16:15:49,292 [__main__] INFO: Retraining horizon 1 using top SHAP features...
2025-08-17 16:15:52,912 [__main__] INFO: Horizon 1 SHAP-retrained model saved to models/xgb_h1.json
2025-08-17 16:16:01,281 [__main__] INFO: Horizon 12 model saved to models/xgb_h12.json
2025-08-17 16:16:01,282 [__main__] INFO: Retraining horizon 12 using top SHAP features...
2025-08-17 16:16:05,913 [__main__] INFO: Horizon 12 SHAP-retrained model saved to models/xgb_h12.json
2025-08-17 16:16:16,494 [__main__] INFO: Horizon 24 model saved to models/xgb_h24.json
2025-08-17 16:16:16,495 [__main__] INFO: Retraining horizon 24 using top SHAP features...
2025-08-17 16:16:23,896 [__main__] INFO: Horizon 24 SHAP-retrained model saved to models/xgb_h24.json
2025-08-17 16:16:33,786 [__main__] INFO: Horizon 48 model saved to models/xgb_h48.json
2025-08-17 16:16:33,787 [__main__] INFO: Retraining horizon 48 using top SHAP features...
2025-08-17 16:16:38,085 [__main__] INFO: Horizon 48 SHAP-retrained model saved to models/xgb_h48.json
2025-08-19 11:35:22,012 [__main__] INFO: Loaded config, starting up
2025-08-19 11:35:22,168 [src.data_loading] INFO: Fetching bars since 2025-08-17 15:15:00 (+1ms)
2025-08-19 11:35:26,298 [src.data_loading] INFO: Appended 520 rows up to 2025-08-19 10:35:00 (total 10482 rows)
2025-08-19 11:35:27,577 [__main__] INFO: Engineered data saved to data/processed/btc_ohlcv_5min_engineered.csv
2025-08-19 11:36:05,860 [__main__] INFO: Horizon 1 model saved to models/xgb_h1.json
2025-08-19 11:36:05,861 [__main__] INFO: Retraining horizon 1 using top SHAP features...
2025-08-19 11:36:12,621 [__main__] INFO: Horizon 1 SHAP-retrained model saved to models/xgb_h1.json
2025-08-19 11:36:25,685 [__main__] INFO: Horizon 12 model saved to models/xgb_h12.json
2025-08-19 11:36:25,686 [__main__] INFO: Retraining horizon 12 using top SHAP features...
2025-08-19 11:36:34,845 [__main__] INFO: Horizon 12 SHAP-retrained model saved to models/xgb_h12.json
2025-08-19 11:36:50,910 [__main__] INFO: Horizon 24 model saved to models/xgb_h24.json
2025-08-19 11:36:50,912 [__main__] INFO: Retraining horizon 24 using top SHAP features...
2025-08-19 11:36:59,192 [__main__] INFO: Horizon 24 SHAP-retrained model saved to models/xgb_h24.json
2025-08-19 11:37:13,416 [__main__] INFO: Horizon 48 model saved to models/xgb_h48.json
2025-08-19 11:37:13,417 [__main__] INFO: Retraining horizon 48 using top SHAP features...
2025-08-19 11:37:21,817 [__main__] INFO: Horizon 48 SHAP-retrained model saved to models/xgb_h48.json
2025-08-21 18:42:36,822 [__main__] INFO: Loaded config, starting up
2025-08-21 18:42:37,093 [src.data_loading] INFO: Fetching bars since 2025-08-21 17:40:00 (+1ms)
2025-08-21 18:42:38,486 [src.data_loading] WARNING: fetch_ohlcv failed attempt 1/3: kraken does not have market symbol BTC//USDT â€“ retrying in 5sâ€¦
Traceback (most recent call last):
  File "/Users/zachnewman/Desktop/Kraken-Bot/src/data_loading.py", line 21, in fetch_ohlcv_with_retry
    bars = exchange.fetch_ohlcv(symbol, timeframe, since=since, limit=limit)
  File "/opt/anaconda3/envs/kraken-bot/lib/python3.10/site-packages/ccxt/kraken.py", line 1143, in fetch_ohlcv
    market = self.market(symbol)
  File "/opt/anaconda3/envs/kraken-bot/lib/python3.10/site-packages/ccxt/base/exchange.py", line 5586, in market
    raise BadSymbol(self.id + ' does not have market symbol ' + symbol)
ccxt.base.errors.BadSymbol: kraken does not have market symbol BTC//USDT
2025-08-21 18:42:43,497 [src.data_loading] WARNING: fetch_ohlcv failed attempt 2/3: kraken does not have market symbol BTC//USDT â€“ retrying in 5sâ€¦
Traceback (most recent call last):
  File "/Users/zachnewman/Desktop/Kraken-Bot/src/data_loading.py", line 21, in fetch_ohlcv_with_retry
    bars = exchange.fetch_ohlcv(symbol, timeframe, since=since, limit=limit)
  File "/opt/anaconda3/envs/kraken-bot/lib/python3.10/site-packages/ccxt/kraken.py", line 1143, in fetch_ohlcv
    market = self.market(symbol)
  File "/opt/anaconda3/envs/kraken-bot/lib/python3.10/site-packages/ccxt/base/exchange.py", line 5586, in market
    raise BadSymbol(self.id + ' does not have market symbol ' + symbol)
ccxt.base.errors.BadSymbol: kraken does not have market symbol BTC//USDT
2025-08-21 18:42:48,502 [src.data_loading] ERROR: All 3 attempts to fetch_ohlcv failed for BTC//USDT/5m: kraken does not have market symbol BTC//USDT
Traceback (most recent call last):
  File "/Users/zachnewman/Desktop/Kraken-Bot/src/data_loading.py", line 21, in fetch_ohlcv_with_retry
    bars = exchange.fetch_ohlcv(symbol, timeframe, since=since, limit=limit)
  File "/opt/anaconda3/envs/kraken-bot/lib/python3.10/site-packages/ccxt/kraken.py", line 1143, in fetch_ohlcv
    market = self.market(symbol)
  File "/opt/anaconda3/envs/kraken-bot/lib/python3.10/site-packages/ccxt/base/exchange.py", line 5586, in market
    raise BadSymbol(self.id + ' does not have market symbol ' + symbol)
ccxt.base.errors.BadSymbol: kraken does not have market symbol BTC//USDT
2025-08-21 18:43:39,719 [__main__] INFO: Loaded config, starting up
2025-08-21 18:43:39,894 [src.data_loading] INFO: Fetching bars since 2025-08-21 17:40:00 (+1ms)
2025-08-21 18:43:42,161 [src.data_loading] INFO: No new bars returned.
2025-08-21 18:43:44,847 [__main__] INFO: Engineered data saved to data/processed/btc_ohlcv_5min_engineered.csv
2025-08-21 18:44:11,317 [__main__] INFO: Horizon 1 model saved to models/xgb_h1.json
2025-08-21 18:44:11,318 [__main__] INFO: Retraining horizon 1 using top SHAP features...
2025-08-21 18:44:21,282 [__main__] INFO: Horizon 1 SHAP-retrained model saved to models/xgb_h1.json
2025-08-21 18:44:42,712 [__main__] INFO: Horizon 12 model saved to models/xgb_h12.json
2025-08-21 18:44:42,714 [__main__] INFO: Retraining horizon 12 using top SHAP features...
2025-08-21 18:44:55,792 [__main__] INFO: Horizon 12 SHAP-retrained model saved to models/xgb_h12.json
2025-08-21 18:45:13,306 [__main__] INFO: Horizon 24 model saved to models/xgb_h24.json
2025-08-21 18:45:13,307 [__main__] INFO: Retraining horizon 24 using top SHAP features...
2025-08-21 18:45:23,877 [__main__] INFO: Horizon 24 SHAP-retrained model saved to models/xgb_h24.json
2025-08-21 18:45:49,765 [__main__] INFO: Horizon 48 model saved to models/xgb_h48.json
2025-08-21 18:45:49,765 [__main__] INFO: Retraining horizon 48 using top SHAP features...
2025-08-21 18:46:02,734 [__main__] INFO: Horizon 48 SHAP-retrained model saved to models/xgb_h48.json
2025-08-22 15:16:55,860 [__main__] INFO: Loaded config, starting up
2025-08-22 15:16:56,075 [src.data_loading] INFO: Fetching bars since 2025-08-22 14:15:00 (+1ms)
2025-08-22 15:16:58,368 [src.data_loading] INFO: No new bars returned.
2025-08-22 15:17:02,442 [__main__] INFO: Engineered data saved to data/processed/btc_ohlcv_5min_engineered.csv
2025-08-22 15:17:32,257 [__main__] INFO: Horizon 1 model saved to models/xgb_h1.json
2025-08-22 15:17:32,258 [__main__] INFO: Retraining horizon 1 using top SHAP features...
2025-08-22 15:17:45,197 [__main__] INFO: Horizon 1 SHAP-retrained model saved to models/xgb_h1.json
2025-08-22 15:18:05,512 [__main__] INFO: Horizon 12 model saved to models/xgb_h12.json
2025-08-22 15:18:05,515 [__main__] INFO: Retraining horizon 12 using top SHAP features...
2025-08-22 15:18:21,101 [__main__] INFO: Horizon 12 SHAP-retrained model saved to models/xgb_h12.json
2025-08-22 15:18:44,082 [__main__] INFO: Horizon 24 model saved to models/xgb_h24.json
2025-08-22 15:18:44,083 [__main__] INFO: Retraining horizon 24 using top SHAP features...
2025-08-22 15:19:00,222 [__main__] INFO: Horizon 24 SHAP-retrained model saved to models/xgb_h24.json
2025-08-22 15:19:23,992 [__main__] INFO: Horizon 48 model saved to models/xgb_h48.json
2025-08-22 15:19:23,993 [__main__] INFO: Retraining horizon 48 using top SHAP features...
2025-08-22 15:19:39,924 [__main__] INFO: Horizon 48 SHAP-retrained model saved to models/xgb_h48.json
2025-08-26 10:21:25,570 [__main__] INFO: Loaded config, starting up
2025-08-26 10:21:26,285 [src.data_loading] INFO: Fetching bars since 2025-08-22 14:15:00 (+1ms)
2025-08-26 10:21:30,220 [src.data_loading] INFO: Appended 720 rows up to 2025-08-26 09:15:00 (total 76924 rows)
2025-08-26 10:21:35,252 [__main__] INFO: Engineered data saved to data/processed/btc_ohlcv_5min_engineered.csv
2025-08-26 10:45:23,171 [__main__] INFO: Loaded config, starting up
2025-08-26 10:45:23,701 [src.data_loading] INFO: Fetching bars since 2025-08-26 09:40:00 (+1ms)
2025-08-26 10:45:27,911 [src.data_loading] INFO: Appended 1 rows up to 2025-08-26 09:45:00 (total 77302 rows)
2025-08-26 10:45:35,460 [__main__] INFO: Engineered data saved to data/processed/btc_ohlcv_5min_engineered.csv
2025-08-26 12:06:22,243 [__main__] INFO: Loaded config, starting up
2025-08-27 12:16:13,185 [__main__] INFO: Loaded config, starting up
2025-08-27 12:16:49,146 [__main__] INFO: Engineered data saved to data/processed/btc_ohlcv_5min_engineered.csv
2025-08-27 12:19:29,229 [__main__] INFO: Loaded config, starting up
2025-08-27 12:19:32,386 [__main__] INFO: Engineered data saved to data/processed/btc_ohlcv_5min_engineered.csv
2025-08-27 12:26:41,624 [__main__] INFO: Loaded config, starting up
2025-08-27 12:26:49,494 [__main__] INFO: Engineered data saved to data/processed/btc_ohlcv_5min_engineered.csv
2025-08-27 12:27:24,657 [__main__] INFO: Horizon 1 model saved to models/xgb_h1.json
2025-08-27 12:27:24,661 [__main__] INFO: Retraining horizon 1 using top SHAP features...
2025-08-27 12:27:31,584 [__main__] INFO: Horizon 1 SHAP-retrained model saved to models/xgb_h1.json
2025-08-27 12:27:45,040 [__main__] INFO: Horizon 12 model saved to models/xgb_h12.json
2025-08-27 12:27:45,041 [__main__] INFO: Retraining horizon 12 using top SHAP features...
2025-08-27 12:27:56,400 [__main__] INFO: Horizon 12 SHAP-retrained model saved to models/xgb_h12.json
2025-08-27 12:28:11,196 [__main__] INFO: Horizon 24 model saved to models/xgb_h24.json
2025-08-27 12:28:11,197 [__main__] INFO: Retraining horizon 24 using top SHAP features...
2025-08-27 12:28:22,177 [__main__] INFO: Horizon 24 SHAP-retrained model saved to models/xgb_h24.json
2025-08-27 12:28:37,043 [__main__] INFO: Horizon 48 model saved to models/xgb_h48.json
2025-08-27 12:28:37,044 [__main__] INFO: Retraining horizon 48 using top SHAP features...
2025-08-27 12:28:46,790 [__main__] INFO: Horizon 48 SHAP-retrained model saved to models/xgb_h48.json
2025-08-27 13:41:59,050 [__main__] INFO: Loaded config, starting up
2025-08-27 13:42:03,826 [__main__] INFO: Engineered data saved to data/processed/btc_ohlcv_5min_engineered.csv
2025-08-27 13:42:32,342 [__main__] INFO: Horizon 1 model saved to models/xgb_h1.json
2025-08-27 13:42:32,343 [__main__] INFO: Retraining horizon 1 using top SHAP features...
2025-08-27 13:42:39,100 [__main__] INFO: Horizon 1 SHAP-retrained model saved to models/xgb_h1.json
2025-08-27 13:42:51,272 [__main__] INFO: Horizon 12 model saved to models/xgb_h12.json
2025-08-27 13:42:51,273 [__main__] INFO: Retraining horizon 12 using top SHAP features...
2025-08-27 13:42:58,127 [__main__] INFO: Horizon 12 SHAP-retrained model saved to models/xgb_h12.json
2025-08-27 13:43:10,935 [__main__] INFO: Horizon 24 model saved to models/xgb_h24.json
2025-08-27 13:43:10,936 [__main__] INFO: Retraining horizon 24 using top SHAP features...
2025-08-27 13:43:22,143 [__main__] INFO: Horizon 24 SHAP-retrained model saved to models/xgb_h24.json
2025-08-27 13:43:37,477 [__main__] INFO: Horizon 48 model saved to models/xgb_h48.json
2025-08-27 13:43:37,478 [__main__] INFO: Retraining horizon 48 using top SHAP features...
2025-08-27 13:43:47,176 [__main__] INFO: Horizon 48 SHAP-retrained model saved to models/xgb_h48.json
